   1              		.cpu arm926ej-s
   2              		.fpu softvfp
   3              		.eabi_attribute 20, 1
   4              		.eabi_attribute 21, 1
   5              		.eabi_attribute 23, 3
   6              		.eabi_attribute 24, 1
   7              		.eabi_attribute 25, 1
   8              		.eabi_attribute 26, 1
   9              		.eabi_attribute 30, 6
  10              		.eabi_attribute 18, 4
  11              		.file	"cyfxtx.c"
  19              	.Ltext0:
  20              		.cfi_sections	.debug_frame
  21              		.global	glMemPoolInit
  22              		.bss
  23              		.align	2
  26              	glMemPoolInit:
  27 0000 00000000 		.space	4
  28              		.comm	glMemBytePool,52,4
  29              		.global	glBufferManager
  30              		.align	2
  33              	glBufferManager:
  34 0004 00000000 		.space	76
  34      00000000 
  34      00000000 
  34      00000000 
  34      00000000 
  35              		.text
  36              		.align	2
  37              		.global	CyU3PUndefinedHandler
  39              	CyU3PUndefinedHandler:
  40              	.LFB0:
  41              		.file 1 "../_old/cyfxtx.c"
   1:../_old/cyfxtx.c **** /*
   2:../_old/cyfxtx.c ****  ## Cypress USB 3.0 Platform source file (cyfxtx.c)
   3:../_old/cyfxtx.c ****  ## ===========================
   4:../_old/cyfxtx.c ****  ##
   5:../_old/cyfxtx.c ****  ##  Copyright Cypress Semiconductor Corporation, 2010-2011,
   6:../_old/cyfxtx.c ****  ##  All Rights Reserved
   7:../_old/cyfxtx.c ****  ##  UNPUBLISHED, LICENSED SOFTWARE.
   8:../_old/cyfxtx.c ****  ##
   9:../_old/cyfxtx.c ****  ##  CONFIDENTIAL AND PROPRIETARY INFORMATION
  10:../_old/cyfxtx.c ****  ##  WHICH IS THE PROPERTY OF CYPRESS.
  11:../_old/cyfxtx.c ****  ##
  12:../_old/cyfxtx.c ****  ##  Use of this file is governed
  13:../_old/cyfxtx.c ****  ##  by the license agreement included in the file
  14:../_old/cyfxtx.c ****  ##
  15:../_old/cyfxtx.c ****  ##     <install>/license/license.txt
  16:../_old/cyfxtx.c ****  ##
  17:../_old/cyfxtx.c ****  ##  where <install> is the Cypress software
  18:../_old/cyfxtx.c ****  ##  installation root directory path.
  19:../_old/cyfxtx.c ****  ##
  20:../_old/cyfxtx.c ****  ## ===========================
  21:../_old/cyfxtx.c **** */
  22:../_old/cyfxtx.c **** 
  23:../_old/cyfxtx.c **** /* This file defines the porting requied for the ThreadX RTOS.
  24:../_old/cyfxtx.c ****  * This file shall be provided in source form and must be compiled
  25:../_old/cyfxtx.c ****  * with the application source code
  26:../_old/cyfxtx.c ****  */
  27:../_old/cyfxtx.c **** 
  28:../_old/cyfxtx.c **** #include <cyu3os.h>
  29:../_old/cyfxtx.c **** #include <cyu3error.h>
  30:../_old/cyfxtx.c **** 
  31:../_old/cyfxtx.c **** /*
  32:../_old/cyfxtx.c ****    The MEM heap is a Memory byte pool which is used to allocate OS objects
  33:../_old/cyfxtx.c ****    such as thread stacks and memory for message queues. The Cypress FX3
  34:../_old/cyfxtx.c ****    libraries require a Mem heap size of at least 32 KB.
  35:../_old/cyfxtx.c ****  */
  36:../_old/cyfxtx.c **** #define CY_U3P_MEM_HEAP_BASE         ((uint8_t *)0x40038000)
  37:../_old/cyfxtx.c **** #define CY_U3P_MEM_HEAP_SIZE         (0x8000)
  38:../_old/cyfxtx.c **** 
  39:../_old/cyfxtx.c **** #ifdef CYU3P_FPGA
  40:../_old/cyfxtx.c **** #define CY_U3P_SYS_MEM_TOP           (0x40040000) /* Only 256 KB RAM available on FPGA. */
  41:../_old/cyfxtx.c **** #else /* Silicon */
  42:../_old/cyfxtx.c **** #define CY_U3P_SYS_MEM_TOP           (0x40078000) /* 512 KB RAM available on silicon. */
  43:../_old/cyfxtx.c **** #endif
  44:../_old/cyfxtx.c **** 
  45:../_old/cyfxtx.c **** /*
  46:../_old/cyfxtx.c ****    The buffer heap is used to obtain data buffers for DMA transfers in or out of
  47:../_old/cyfxtx.c ****    the FX3 device. The reference implementation of the buffer allocator makes use
  48:../_old/cyfxtx.c ****    of a reserved area in the SYSTEM RAM and ensures that all allocated DMA buffers
  49:../_old/cyfxtx.c ****    are aligned to cache lines.
  50:../_old/cyfxtx.c ****  */
  51:../_old/cyfxtx.c **** #define CY_U3P_BUFFER_HEAP_BASE      (((uint32_t)(CY_U3P_MEM_HEAP_BASE) + (CY_U3P_MEM_HEAP_SIZE)))
  52:../_old/cyfxtx.c **** #define CY_U3P_BUFFER_HEAP_SIZE      ((CY_U3P_SYS_MEM_TOP) - (CY_U3P_BUFFER_HEAP_BASE))
  53:../_old/cyfxtx.c **** 
  54:../_old/cyfxtx.c **** #define CY_U3P_BUFFER_ALLOC_TIMEOUT  (10)
  55:../_old/cyfxtx.c **** #define CY_U3P_MEM_ALLOC_TIMEOUT     (10)
  56:../_old/cyfxtx.c **** 
  57:../_old/cyfxtx.c **** #define CY_U3P_MAX(a,b)                 (((a) > (b)) ? (a) : (b))
  58:../_old/cyfxtx.c **** #define CY_U3P_MIN(a,b)                 (((a) < (b)) ? (a) : (b))
  59:../_old/cyfxtx.c **** 
  60:../_old/cyfxtx.c **** CyBool_t         glMemPoolInit = CyFalse;
  61:../_old/cyfxtx.c **** CyU3PBytePool    glMemBytePool;
  62:../_old/cyfxtx.c **** CyU3PDmaBufMgr_t glBufferManager = {{0}, 0, 0, 0, 0, 0};
  63:../_old/cyfxtx.c **** 
  64:../_old/cyfxtx.c **** /* These functions are exception handlers. These are default
  65:../_old/cyfxtx.c ****  * implementations and the application firmware can have a
  66:../_old/cyfxtx.c ****  * re-implementation. All these exceptions are not currently
  67:../_old/cyfxtx.c ****  * handled and are mapped to while (1) */
  68:../_old/cyfxtx.c **** 
  69:../_old/cyfxtx.c **** /* This function is the undefined instruction handler. This
  70:../_old/cyfxtx.c ****  * occurs when the CPU encounters an undefined instruction. */
  71:../_old/cyfxtx.c **** void
  72:../_old/cyfxtx.c **** CyU3PUndefinedHandler (
  73:../_old/cyfxtx.c ****         void)
  74:../_old/cyfxtx.c **** {
  42              		.loc 1 74 0
  43              		.cfi_startproc
  44              		@ args = 0, pretend = 0, frame = 0
  45              		@ frame_needed = 1, uses_anonymous_args = 0
  46              		@ link register save eliminated.
  47 0000 04B02DE5 		str	fp, [sp, #-4]!
  48              	.LCFI0:
  49              		.cfi_def_cfa_offset 4
  50 0004 00B08DE2 		add	fp, sp, #0
  51              		.cfi_offset 11, -4
  52              	.LCFI1:
  53              		.cfi_def_cfa_register 11
  54              	.L2:
  75:../_old/cyfxtx.c ****     for (;;);
  55              		.loc 1 75 0 discriminator 1
  56 0008 FEFFFFEA 		b	.L2
  57              		.cfi_endproc
  58              	.LFE0:
  60              		.align	2
  61              		.global	CyU3PPrefetchHandler
  63              	CyU3PPrefetchHandler:
  64              	.LFB1:
  76:../_old/cyfxtx.c **** }
  77:../_old/cyfxtx.c **** 
  78:../_old/cyfxtx.c **** /* This function is the intruction prefetch error handler. This
  79:../_old/cyfxtx.c ****  * occurs when the CPU encounters an instruction prefetch error.
  80:../_old/cyfxtx.c ****  * Since there are no virtual memory use case, this is an unknown
  81:../_old/cyfxtx.c ****  * memory access error. This is a fatal error. */
  82:../_old/cyfxtx.c **** void
  83:../_old/cyfxtx.c **** CyU3PPrefetchHandler (
  84:../_old/cyfxtx.c ****         void)
  85:../_old/cyfxtx.c **** {
  65              		.loc 1 85 0
  66              		.cfi_startproc
  67              		@ args = 0, pretend = 0, frame = 0
  68              		@ frame_needed = 1, uses_anonymous_args = 0
  69              		@ link register save eliminated.
  70 000c 04B02DE5 		str	fp, [sp, #-4]!
  71              	.LCFI2:
  72              		.cfi_def_cfa_offset 4
  73 0010 00B08DE2 		add	fp, sp, #0
  74              		.cfi_offset 11, -4
  75              	.LCFI3:
  76              		.cfi_def_cfa_register 11
  77              	.L4:
  86:../_old/cyfxtx.c ****     for (;;);
  78              		.loc 1 86 0 discriminator 1
  79 0014 FEFFFFEA 		b	.L4
  80              		.cfi_endproc
  81              	.LFE1:
  83              		.align	2
  84              		.global	CyU3PAbortHandler
  86              	CyU3PAbortHandler:
  87              	.LFB2:
  87:../_old/cyfxtx.c **** }
  88:../_old/cyfxtx.c **** 
  89:../_old/cyfxtx.c **** /* This function is the data abort error handler. This occurs when
  90:../_old/cyfxtx.c ****  * the CPU encounters an data prefetch error. Since there are no
  91:../_old/cyfxtx.c ****  * virtual memory use case, this is an unknown memory access error.
  92:../_old/cyfxtx.c ****  * This is a fatal error. */
  93:../_old/cyfxtx.c **** void
  94:../_old/cyfxtx.c **** CyU3PAbortHandler (
  95:../_old/cyfxtx.c ****         void)
  96:../_old/cyfxtx.c **** {
  88              		.loc 1 96 0
  89              		.cfi_startproc
  90              		@ args = 0, pretend = 0, frame = 0
  91              		@ frame_needed = 1, uses_anonymous_args = 0
  92              		@ link register save eliminated.
  93 0018 04B02DE5 		str	fp, [sp, #-4]!
  94              	.LCFI4:
  95              		.cfi_def_cfa_offset 4
  96 001c 00B08DE2 		add	fp, sp, #0
  97              		.cfi_offset 11, -4
  98              	.LCFI5:
  99              		.cfi_def_cfa_register 11
 100              	.L6:
  97:../_old/cyfxtx.c ****     for (;;);
 101              		.loc 1 97 0 discriminator 1
 102 0020 FEFFFFEA 		b	.L6
 103              		.cfi_endproc
 104              	.LFE2:
 106              		.align	2
 107              		.global	tx_application_define
 109              	tx_application_define:
 110              	.LFB3:
  98:../_old/cyfxtx.c **** }
  99:../_old/cyfxtx.c **** 
 100:../_old/cyfxtx.c **** /* This function is expected to be invoked by the RTOS kernel after
 101:../_old/cyfxtx.c ****  * initialization. No explicit call to this function must be made.
 102:../_old/cyfxtx.c ****  */
 103:../_old/cyfxtx.c **** void
 104:../_old/cyfxtx.c **** tx_application_define (
 105:../_old/cyfxtx.c ****         void *unusedMem)
 106:../_old/cyfxtx.c **** {
 111              		.loc 1 106 0
 112              		.cfi_startproc
 113              		@ args = 0, pretend = 0, frame = 8
 114              		@ frame_needed = 1, uses_anonymous_args = 0
 115 0024 00482DE9 		stmfd	sp!, {fp, lr}
 116              	.LCFI6:
 117              		.cfi_def_cfa_offset 8
 118 0028 04B08DE2 		add	fp, sp, #4
 119              		.cfi_offset 14, -4
 120              		.cfi_offset 11, -8
 121              	.LCFI7:
 122              		.cfi_def_cfa 11, 4
 123 002c 08D04DE2 		sub	sp, sp, #8
 124 0030 08000BE5 		str	r0, [fp, #-8]
 107:../_old/cyfxtx.c ****     (void) unusedMem;
 108:../_old/cyfxtx.c ****     CyU3PApplicationDefine ();
 125              		.loc 1 108 0
 126 0034 FEFFFFEB 		bl	CyU3PApplicationDefine
 109:../_old/cyfxtx.c **** }
 127              		.loc 1 109 0
 128 0038 04D04BE2 		sub	sp, fp, #4
 129 003c 0088BDE8 		ldmfd	sp!, {fp, pc}
 130              		.cfi_endproc
 131              	.LFE3:
 133              		.align	2
 134              		.global	CyU3PMemInit
 136              	CyU3PMemInit:
 137              	.LFB4:
 110:../_old/cyfxtx.c **** 
 111:../_old/cyfxtx.c **** /* This function initializes the custom heap for OS specific dynamic memory allocation.
 112:../_old/cyfxtx.c ****  * The function should not be explicitly invoked. This function is called from the 
 113:../_old/cyfxtx.c ****  * API library. Modify this function depending upon the heap requirement of 
 114:../_old/cyfxtx.c ****  * application code. The minimum required value is specified by the predefined macro.
 115:../_old/cyfxtx.c ****  * Any value less than specified can cause the drivers to stop functioning.
 116:../_old/cyfxtx.c ****  * The function creates a global byte pool.
 117:../_old/cyfxtx.c ****  */
 118:../_old/cyfxtx.c **** void
 119:../_old/cyfxtx.c **** CyU3PMemInit (
 120:../_old/cyfxtx.c ****         void)
 121:../_old/cyfxtx.c **** {
 138              		.loc 1 121 0
 139              		.cfi_startproc
 140              		@ args = 0, pretend = 0, frame = 0
 141              		@ frame_needed = 1, uses_anonymous_args = 0
 142 0040 00482DE9 		stmfd	sp!, {fp, lr}
 143              	.LCFI8:
 144              		.cfi_def_cfa_offset 8
 145 0044 04B08DE2 		add	fp, sp, #4
 146              		.cfi_offset 14, -4
 147              		.cfi_offset 11, -8
 148              	.LCFI9:
 149              		.cfi_def_cfa 11, 4
 150 0048 08D04DE2 		sub	sp, sp, #8
 122:../_old/cyfxtx.c ****     if (!glMemPoolInit)
 151              		.loc 1 122 0
 152 004c 38309FE5 		ldr	r3, .L10
 153 0050 003093E5 		ldr	r3, [r3, #0]
 154 0054 000053E3 		cmp	r3, #0
 155 0058 0900001A 		bne	.L8
 123:../_old/cyfxtx.c ****     {
 124:../_old/cyfxtx.c **** 	glMemPoolInit = CyTrue;
 156              		.loc 1 124 0
 157 005c 28309FE5 		ldr	r3, .L10
 158 0060 0120A0E3 		mov	r2, #1
 159 0064 002083E5 		str	r2, [r3, #0]
 125:../_old/cyfxtx.c **** 	CyU3PBytePoolCreate (&glMemBytePool, CY_U3P_MEM_HEAP_BASE, CY_U3P_MEM_HEAP_SIZE);
 160              		.loc 1 125 0
 161 0068 3430A0E3 		mov	r3, #52
 162 006c 00308DE5 		str	r3, [sp, #0]
 163 0070 18009FE5 		ldr	r0, .L10+4
 164 0074 0010A0E3 		mov	r1, #0
 165 0078 14209FE5 		ldr	r2, .L10+8
 166 007c 0239A0E3 		mov	r3, #32768
 167 0080 FEFFFFEB 		bl	_txe_byte_pool_create
 168              	.L8:
 126:../_old/cyfxtx.c ****     }
 127:../_old/cyfxtx.c **** }
 169              		.loc 1 127 0
 170 0084 04D04BE2 		sub	sp, fp, #4
 171 0088 0088BDE8 		ldmfd	sp!, {fp, pc}
 172              	.L11:
 173              		.align	2
 174              	.L10:
 175 008c 00000000 		.word	glMemPoolInit
 176 0090 00000000 		.word	glMemBytePool
 177 0094 00800340 		.word	1073971200
 178              		.cfi_endproc
 179              	.LFE4:
 181              		.align	2
 182              		.global	CyU3PMemAlloc
 184              	CyU3PMemAlloc:
 185              	.LFB5:
 128:../_old/cyfxtx.c **** 
 129:../_old/cyfxtx.c **** void *
 130:../_old/cyfxtx.c **** CyU3PMemAlloc (
 131:../_old/cyfxtx.c ****         uint32_t size)
 132:../_old/cyfxtx.c **** {
 186              		.loc 1 132 0
 187              		.cfi_startproc
 188              		@ args = 0, pretend = 0, frame = 16
 189              		@ frame_needed = 1, uses_anonymous_args = 0
 190 0098 00482DE9 		stmfd	sp!, {fp, lr}
 191              	.LCFI10:
 192              		.cfi_def_cfa_offset 8
 193 009c 04B08DE2 		add	fp, sp, #4
 194              		.cfi_offset 14, -4
 195              		.cfi_offset 11, -8
 196              	.LCFI11:
 197              		.cfi_def_cfa 11, 4
 198 00a0 10D04DE2 		sub	sp, sp, #16
 199 00a4 10000BE5 		str	r0, [fp, #-16]
 133:../_old/cyfxtx.c ****     void     *ret_p;
 134:../_old/cyfxtx.c ****     uint32_t status;
 135:../_old/cyfxtx.c **** 
 136:../_old/cyfxtx.c ****     /* Cannot wait in interrupt context */
 137:../_old/cyfxtx.c ****     if (CyU3PThreadIdentify ())
 200              		.loc 1 137 0
 201 00a8 FEFFFFEB 		bl	_tx_thread_identify
 202 00ac 0030A0E1 		mov	r3, r0
 203 00b0 000053E3 		cmp	r3, #0
 204 00b4 0700000A 		beq	.L13
 138:../_old/cyfxtx.c ****     {
 139:../_old/cyfxtx.c ****         status = CyU3PByteAlloc (&glMemBytePool, (void **)&ret_p, size, CY_U3P_MEM_ALLOC_TIMEOUT);
 205              		.loc 1 139 0
 206 00b8 0C304BE2 		sub	r3, fp, #12
 207 00bc 54009FE5 		ldr	r0, .L17
 208 00c0 0310A0E1 		mov	r1, r3
 209 00c4 10201BE5 		ldr	r2, [fp, #-16]
 210 00c8 0A30A0E3 		mov	r3, #10
 211 00cc FEFFFFEB 		bl	_txe_byte_allocate
 212 00d0 08000BE5 		str	r0, [fp, #-8]
 213 00d4 060000EA 		b	.L14
 214              	.L13:
 140:../_old/cyfxtx.c ****     }
 141:../_old/cyfxtx.c ****     else
 142:../_old/cyfxtx.c ****     {
 143:../_old/cyfxtx.c ****         status = CyU3PByteAlloc (&glMemBytePool, (void **)&ret_p, size, CYU3P_NO_WAIT);
 215              		.loc 1 143 0
 216 00d8 0C304BE2 		sub	r3, fp, #12
 217 00dc 34009FE5 		ldr	r0, .L17
 218 00e0 0310A0E1 		mov	r1, r3
 219 00e4 10201BE5 		ldr	r2, [fp, #-16]
 220 00e8 0030A0E3 		mov	r3, #0
 221 00ec FEFFFFEB 		bl	_txe_byte_allocate
 222 00f0 08000BE5 		str	r0, [fp, #-8]
 223              	.L14:
 144:../_old/cyfxtx.c ****     }
 145:../_old/cyfxtx.c **** 
 146:../_old/cyfxtx.c ****     if(status == CY_U3P_SUCCESS)
 224              		.loc 1 146 0
 225 00f4 08301BE5 		ldr	r3, [fp, #-8]
 226 00f8 000053E3 		cmp	r3, #0
 227 00fc 0100001A 		bne	.L15
 147:../_old/cyfxtx.c ****     {
 148:../_old/cyfxtx.c ****         return ret_p;
 228              		.loc 1 148 0
 229 0100 0C301BE5 		ldr	r3, [fp, #-12]
 230 0104 000000EA 		b	.L16
 231              	.L15:
 149:../_old/cyfxtx.c ****     }
 150:../_old/cyfxtx.c **** 
 151:../_old/cyfxtx.c ****     return (NULL);
 232              		.loc 1 151 0
 233 0108 0030A0E3 		mov	r3, #0
 234              	.L16:
 152:../_old/cyfxtx.c **** }
 235              		.loc 1 152 0
 236 010c 0300A0E1 		mov	r0, r3
 237 0110 04D04BE2 		sub	sp, fp, #4
 238 0114 0088BDE8 		ldmfd	sp!, {fp, pc}
 239              	.L18:
 240              		.align	2
 241              	.L17:
 242 0118 00000000 		.word	glMemBytePool
 243              		.cfi_endproc
 244              	.LFE5:
 246              		.align	2
 247              		.global	CyU3PMemFree
 249              	CyU3PMemFree:
 250              	.LFB6:
 153:../_old/cyfxtx.c **** 
 154:../_old/cyfxtx.c **** void
 155:../_old/cyfxtx.c **** CyU3PMemFree (
 156:../_old/cyfxtx.c ****         void *mem_p)
 157:../_old/cyfxtx.c **** {
 251              		.loc 1 157 0
 252              		.cfi_startproc
 253              		@ args = 0, pretend = 0, frame = 8
 254              		@ frame_needed = 1, uses_anonymous_args = 0
 255 011c 00482DE9 		stmfd	sp!, {fp, lr}
 256              	.LCFI12:
 257              		.cfi_def_cfa_offset 8
 258 0120 04B08DE2 		add	fp, sp, #4
 259              		.cfi_offset 14, -4
 260              		.cfi_offset 11, -8
 261              	.LCFI13:
 262              		.cfi_def_cfa 11, 4
 263 0124 08D04DE2 		sub	sp, sp, #8
 264 0128 08000BE5 		str	r0, [fp, #-8]
 158:../_old/cyfxtx.c ****     CyU3PByteFree (mem_p);
 265              		.loc 1 158 0
 266 012c 08001BE5 		ldr	r0, [fp, #-8]
 267 0130 FEFFFFEB 		bl	_txe_byte_release
 159:../_old/cyfxtx.c **** }
 268              		.loc 1 159 0
 269 0134 04D04BE2 		sub	sp, fp, #4
 270 0138 0088BDE8 		ldmfd	sp!, {fp, pc}
 271              		.cfi_endproc
 272              	.LFE6:
 274              		.align	2
 275              		.global	CyU3PMemSet
 277              	CyU3PMemSet:
 278              	.LFB7:
 160:../_old/cyfxtx.c **** 
 161:../_old/cyfxtx.c **** void
 162:../_old/cyfxtx.c **** CyU3PMemSet (
 163:../_old/cyfxtx.c ****         uint8_t *ptr,
 164:../_old/cyfxtx.c ****         uint8_t data,
 165:../_old/cyfxtx.c ****         uint32_t count)
 166:../_old/cyfxtx.c **** {
 279              		.loc 1 166 0
 280              		.cfi_startproc
 281              		@ args = 0, pretend = 0, frame = 16
 282              		@ frame_needed = 1, uses_anonymous_args = 0
 283              		@ link register save eliminated.
 284 013c 04B02DE5 		str	fp, [sp, #-4]!
 285              	.LCFI14:
 286              		.cfi_def_cfa_offset 4
 287 0140 00B08DE2 		add	fp, sp, #0
 288              		.cfi_offset 11, -4
 289              	.LCFI15:
 290              		.cfi_def_cfa_register 11
 291 0144 14D04DE2 		sub	sp, sp, #20
 292 0148 08000BE5 		str	r0, [fp, #-8]
 293 014c 0130A0E1 		mov	r3, r1
 294 0150 10200BE5 		str	r2, [fp, #-16]
 295 0154 09304BE5 		strb	r3, [fp, #-9]
 167:../_old/cyfxtx.c ****     /* Loop unrolling for faster operation */
 168:../_old/cyfxtx.c ****     while (count >> 3)
 296              		.loc 1 168 0
 297 0158 240000EA 		b	.L21
 298              	.L22:
 169:../_old/cyfxtx.c ****     {
 170:../_old/cyfxtx.c ****         ptr[0] = data;
 299              		.loc 1 170 0
 300 015c 08301BE5 		ldr	r3, [fp, #-8]
 301 0160 09205BE5 		ldrb	r2, [fp, #-9]
 302 0164 0020C3E5 		strb	r2, [r3, #0]
 171:../_old/cyfxtx.c ****         ptr[1] = data;
 303              		.loc 1 171 0
 304 0168 08301BE5 		ldr	r3, [fp, #-8]
 305 016c 013083E2 		add	r3, r3, #1
 306 0170 09205BE5 		ldrb	r2, [fp, #-9]
 307 0174 0020C3E5 		strb	r2, [r3, #0]
 172:../_old/cyfxtx.c ****         ptr[2] = data;
 308              		.loc 1 172 0
 309 0178 08301BE5 		ldr	r3, [fp, #-8]
 310 017c 023083E2 		add	r3, r3, #2
 311 0180 09205BE5 		ldrb	r2, [fp, #-9]
 312 0184 0020C3E5 		strb	r2, [r3, #0]
 173:../_old/cyfxtx.c ****         ptr[3] = data;
 313              		.loc 1 173 0
 314 0188 08301BE5 		ldr	r3, [fp, #-8]
 315 018c 033083E2 		add	r3, r3, #3
 316 0190 09205BE5 		ldrb	r2, [fp, #-9]
 317 0194 0020C3E5 		strb	r2, [r3, #0]
 174:../_old/cyfxtx.c ****         ptr[4] = data;
 318              		.loc 1 174 0
 319 0198 08301BE5 		ldr	r3, [fp, #-8]
 320 019c 043083E2 		add	r3, r3, #4
 321 01a0 09205BE5 		ldrb	r2, [fp, #-9]
 322 01a4 0020C3E5 		strb	r2, [r3, #0]
 175:../_old/cyfxtx.c ****         ptr[5] = data;
 323              		.loc 1 175 0
 324 01a8 08301BE5 		ldr	r3, [fp, #-8]
 325 01ac 053083E2 		add	r3, r3, #5
 326 01b0 09205BE5 		ldrb	r2, [fp, #-9]
 327 01b4 0020C3E5 		strb	r2, [r3, #0]
 176:../_old/cyfxtx.c ****         ptr[6] = data;
 328              		.loc 1 176 0
 329 01b8 08301BE5 		ldr	r3, [fp, #-8]
 330 01bc 063083E2 		add	r3, r3, #6
 331 01c0 09205BE5 		ldrb	r2, [fp, #-9]
 332 01c4 0020C3E5 		strb	r2, [r3, #0]
 177:../_old/cyfxtx.c ****         ptr[7] = data;
 333              		.loc 1 177 0
 334 01c8 08301BE5 		ldr	r3, [fp, #-8]
 335 01cc 073083E2 		add	r3, r3, #7
 336 01d0 09205BE5 		ldrb	r2, [fp, #-9]
 337 01d4 0020C3E5 		strb	r2, [r3, #0]
 178:../_old/cyfxtx.c **** 
 179:../_old/cyfxtx.c ****         count -= 8;
 338              		.loc 1 179 0
 339 01d8 10301BE5 		ldr	r3, [fp, #-16]
 340 01dc 083043E2 		sub	r3, r3, #8
 341 01e0 10300BE5 		str	r3, [fp, #-16]
 180:../_old/cyfxtx.c ****         ptr += 8;
 342              		.loc 1 180 0
 343 01e4 08301BE5 		ldr	r3, [fp, #-8]
 344 01e8 083083E2 		add	r3, r3, #8
 345 01ec 08300BE5 		str	r3, [fp, #-8]
 346              	.L21:
 168:../_old/cyfxtx.c ****     while (count >> 3)
 347              		.loc 1 168 0 discriminator 1
 348 01f0 10301BE5 		ldr	r3, [fp, #-16]
 349 01f4 A331A0E1 		mov	r3, r3, lsr #3
 350 01f8 000053E3 		cmp	r3, #0
 351 01fc D6FFFF1A 		bne	.L22
 181:../_old/cyfxtx.c ****     }
 182:../_old/cyfxtx.c **** 
 183:../_old/cyfxtx.c ****     while (count--)
 352              		.loc 1 183 0
 353 0200 050000EA 		b	.L23
 354              	.L24:
 184:../_old/cyfxtx.c ****     {
 185:../_old/cyfxtx.c ****         *ptr = data;
 355              		.loc 1 185 0
 356 0204 08301BE5 		ldr	r3, [fp, #-8]
 357 0208 09205BE5 		ldrb	r2, [fp, #-9]
 358 020c 0020C3E5 		strb	r2, [r3, #0]
 186:../_old/cyfxtx.c ****         ptr++;
 359              		.loc 1 186 0
 360 0210 08301BE5 		ldr	r3, [fp, #-8]
 361 0214 013083E2 		add	r3, r3, #1
 362 0218 08300BE5 		str	r3, [fp, #-8]
 363              	.L23:
 183:../_old/cyfxtx.c ****     while (count--)
 364              		.loc 1 183 0 discriminator 1
 365 021c 10301BE5 		ldr	r3, [fp, #-16]
 366 0220 000053E3 		cmp	r3, #0
 367 0224 0030A003 		moveq	r3, #0
 368 0228 0130A013 		movne	r3, #1
 369 022c FF3003E2 		and	r3, r3, #255
 370 0230 10201BE5 		ldr	r2, [fp, #-16]
 371 0234 012042E2 		sub	r2, r2, #1
 372 0238 10200BE5 		str	r2, [fp, #-16]
 373 023c 000053E3 		cmp	r3, #0
 374 0240 EFFFFF1A 		bne	.L24
 187:../_old/cyfxtx.c ****     }
 188:../_old/cyfxtx.c **** }
 375              		.loc 1 188 0
 376 0244 00D08BE2 		add	sp, fp, #0
 377 0248 04B09DE4 		ldmfd	sp!, {fp}
 378 024c 1EFF2FE1 		bx	lr
 379              		.cfi_endproc
 380              	.LFE7:
 382              		.align	2
 383              		.global	CyU3PMemCopy
 385              	CyU3PMemCopy:
 386              	.LFB8:
 189:../_old/cyfxtx.c **** 
 190:../_old/cyfxtx.c **** void
 191:../_old/cyfxtx.c **** CyU3PMemCopy (
 192:../_old/cyfxtx.c ****         uint8_t *dest, 
 193:../_old/cyfxtx.c ****         uint8_t *src,
 194:../_old/cyfxtx.c ****         uint32_t count)
 195:../_old/cyfxtx.c **** {
 387              		.loc 1 195 0
 388              		.cfi_startproc
 389              		@ args = 0, pretend = 0, frame = 16
 390              		@ frame_needed = 1, uses_anonymous_args = 0
 391              		@ link register save eliminated.
 392 0250 04B02DE5 		str	fp, [sp, #-4]!
 393              	.LCFI16:
 394              		.cfi_def_cfa_offset 4
 395 0254 00B08DE2 		add	fp, sp, #0
 396              		.cfi_offset 11, -4
 397              	.LCFI17:
 398              		.cfi_def_cfa_register 11
 399 0258 14D04DE2 		sub	sp, sp, #20
 400 025c 08000BE5 		str	r0, [fp, #-8]
 401 0260 0C100BE5 		str	r1, [fp, #-12]
 402 0264 10200BE5 		str	r2, [fp, #-16]
 196:../_old/cyfxtx.c ****     /* Loop unrolling for faster operation */
 197:../_old/cyfxtx.c ****     while (count >> 3)
 403              		.loc 1 197 0
 404 0268 360000EA 		b	.L26
 405              	.L27:
 198:../_old/cyfxtx.c ****     {
 199:../_old/cyfxtx.c ****         dest[0] = src[0];
 406              		.loc 1 199 0
 407 026c 0C301BE5 		ldr	r3, [fp, #-12]
 408 0270 0020D3E5 		ldrb	r2, [r3, #0]	@ zero_extendqisi2
 409 0274 08301BE5 		ldr	r3, [fp, #-8]
 410 0278 0020C3E5 		strb	r2, [r3, #0]
 200:../_old/cyfxtx.c ****         dest[1] = src[1];
 411              		.loc 1 200 0
 412 027c 08301BE5 		ldr	r3, [fp, #-8]
 413 0280 013083E2 		add	r3, r3, #1
 414 0284 0C201BE5 		ldr	r2, [fp, #-12]
 415 0288 012082E2 		add	r2, r2, #1
 416 028c 0020D2E5 		ldrb	r2, [r2, #0]	@ zero_extendqisi2
 417 0290 0020C3E5 		strb	r2, [r3, #0]
 201:../_old/cyfxtx.c ****         dest[2] = src[2];
 418              		.loc 1 201 0
 419 0294 08301BE5 		ldr	r3, [fp, #-8]
 420 0298 023083E2 		add	r3, r3, #2
 421 029c 0C201BE5 		ldr	r2, [fp, #-12]
 422 02a0 022082E2 		add	r2, r2, #2
 423 02a4 0020D2E5 		ldrb	r2, [r2, #0]	@ zero_extendqisi2
 424 02a8 0020C3E5 		strb	r2, [r3, #0]
 202:../_old/cyfxtx.c ****         dest[3] = src[3];
 425              		.loc 1 202 0
 426 02ac 08301BE5 		ldr	r3, [fp, #-8]
 427 02b0 033083E2 		add	r3, r3, #3
 428 02b4 0C201BE5 		ldr	r2, [fp, #-12]
 429 02b8 032082E2 		add	r2, r2, #3
 430 02bc 0020D2E5 		ldrb	r2, [r2, #0]	@ zero_extendqisi2
 431 02c0 0020C3E5 		strb	r2, [r3, #0]
 203:../_old/cyfxtx.c ****         dest[4] = src[4];
 432              		.loc 1 203 0
 433 02c4 08301BE5 		ldr	r3, [fp, #-8]
 434 02c8 043083E2 		add	r3, r3, #4
 435 02cc 0C201BE5 		ldr	r2, [fp, #-12]
 436 02d0 042082E2 		add	r2, r2, #4
 437 02d4 0020D2E5 		ldrb	r2, [r2, #0]	@ zero_extendqisi2
 438 02d8 0020C3E5 		strb	r2, [r3, #0]
 204:../_old/cyfxtx.c ****         dest[5] = src[5];
 439              		.loc 1 204 0
 440 02dc 08301BE5 		ldr	r3, [fp, #-8]
 441 02e0 053083E2 		add	r3, r3, #5
 442 02e4 0C201BE5 		ldr	r2, [fp, #-12]
 443 02e8 052082E2 		add	r2, r2, #5
 444 02ec 0020D2E5 		ldrb	r2, [r2, #0]	@ zero_extendqisi2
 445 02f0 0020C3E5 		strb	r2, [r3, #0]
 205:../_old/cyfxtx.c ****         dest[6] = src[6];
 446              		.loc 1 205 0
 447 02f4 08301BE5 		ldr	r3, [fp, #-8]
 448 02f8 063083E2 		add	r3, r3, #6
 449 02fc 0C201BE5 		ldr	r2, [fp, #-12]
 450 0300 062082E2 		add	r2, r2, #6
 451 0304 0020D2E5 		ldrb	r2, [r2, #0]	@ zero_extendqisi2
 452 0308 0020C3E5 		strb	r2, [r3, #0]
 206:../_old/cyfxtx.c ****         dest[7] = src[7];
 453              		.loc 1 206 0
 454 030c 08301BE5 		ldr	r3, [fp, #-8]
 455 0310 073083E2 		add	r3, r3, #7
 456 0314 0C201BE5 		ldr	r2, [fp, #-12]
 457 0318 072082E2 		add	r2, r2, #7
 458 031c 0020D2E5 		ldrb	r2, [r2, #0]	@ zero_extendqisi2
 459 0320 0020C3E5 		strb	r2, [r3, #0]
 207:../_old/cyfxtx.c **** 
 208:../_old/cyfxtx.c ****         count -= 8;
 460              		.loc 1 208 0
 461 0324 10301BE5 		ldr	r3, [fp, #-16]
 462 0328 083043E2 		sub	r3, r3, #8
 463 032c 10300BE5 		str	r3, [fp, #-16]
 209:../_old/cyfxtx.c ****         dest += 8;
 464              		.loc 1 209 0
 465 0330 08301BE5 		ldr	r3, [fp, #-8]
 466 0334 083083E2 		add	r3, r3, #8
 467 0338 08300BE5 		str	r3, [fp, #-8]
 210:../_old/cyfxtx.c ****         src += 8;
 468              		.loc 1 210 0
 469 033c 0C301BE5 		ldr	r3, [fp, #-12]
 470 0340 083083E2 		add	r3, r3, #8
 471 0344 0C300BE5 		str	r3, [fp, #-12]
 472              	.L26:
 197:../_old/cyfxtx.c ****     while (count >> 3)
 473              		.loc 1 197 0 discriminator 1
 474 0348 10301BE5 		ldr	r3, [fp, #-16]
 475 034c A331A0E1 		mov	r3, r3, lsr #3
 476 0350 000053E3 		cmp	r3, #0
 477 0354 C4FFFF1A 		bne	.L27
 211:../_old/cyfxtx.c ****     }
 212:../_old/cyfxtx.c **** 
 213:../_old/cyfxtx.c ****     while (count--)
 478              		.loc 1 213 0
 479 0358 090000EA 		b	.L28
 480              	.L29:
 214:../_old/cyfxtx.c ****     {
 215:../_old/cyfxtx.c ****         *dest = *src;
 481              		.loc 1 215 0
 482 035c 0C301BE5 		ldr	r3, [fp, #-12]
 483 0360 0020D3E5 		ldrb	r2, [r3, #0]	@ zero_extendqisi2
 484 0364 08301BE5 		ldr	r3, [fp, #-8]
 485 0368 0020C3E5 		strb	r2, [r3, #0]
 216:../_old/cyfxtx.c ****         dest++;
 486              		.loc 1 216 0
 487 036c 08301BE5 		ldr	r3, [fp, #-8]
 488 0370 013083E2 		add	r3, r3, #1
 489 0374 08300BE5 		str	r3, [fp, #-8]
 217:../_old/cyfxtx.c ****         src++;
 490              		.loc 1 217 0
 491 0378 0C301BE5 		ldr	r3, [fp, #-12]
 492 037c 013083E2 		add	r3, r3, #1
 493 0380 0C300BE5 		str	r3, [fp, #-12]
 494              	.L28:
 213:../_old/cyfxtx.c ****     while (count--)
 495              		.loc 1 213 0 discriminator 1
 496 0384 10301BE5 		ldr	r3, [fp, #-16]
 497 0388 000053E3 		cmp	r3, #0
 498 038c 0030A003 		moveq	r3, #0
 499 0390 0130A013 		movne	r3, #1
 500 0394 FF3003E2 		and	r3, r3, #255
 501 0398 10201BE5 		ldr	r2, [fp, #-16]
 502 039c 012042E2 		sub	r2, r2, #1
 503 03a0 10200BE5 		str	r2, [fp, #-16]
 504 03a4 000053E3 		cmp	r3, #0
 505 03a8 EBFFFF1A 		bne	.L29
 218:../_old/cyfxtx.c ****     }
 219:../_old/cyfxtx.c **** }
 506              		.loc 1 219 0
 507 03ac 00D08BE2 		add	sp, fp, #0
 508 03b0 04B09DE4 		ldmfd	sp!, {fp}
 509 03b4 1EFF2FE1 		bx	lr
 510              		.cfi_endproc
 511              	.LFE8:
 513              		.align	2
 514              		.global	CyU3PMemCmp
 516              	CyU3PMemCmp:
 517              	.LFB9:
 220:../_old/cyfxtx.c **** 
 221:../_old/cyfxtx.c **** int32_t 
 222:../_old/cyfxtx.c **** CyU3PMemCmp (
 223:../_old/cyfxtx.c ****         const void* s1,
 224:../_old/cyfxtx.c ****         const void* s2, 
 225:../_old/cyfxtx.c ****         uint32_t n)
 226:../_old/cyfxtx.c **** {
 518              		.loc 1 226 0
 519              		.cfi_startproc
 520              		@ args = 0, pretend = 0, frame = 24
 521              		@ frame_needed = 1, uses_anonymous_args = 0
 522              		@ link register save eliminated.
 523 03b8 04B02DE5 		str	fp, [sp, #-4]!
 524              	.LCFI18:
 525              		.cfi_def_cfa_offset 4
 526 03bc 00B08DE2 		add	fp, sp, #0
 527              		.cfi_offset 11, -4
 528              	.LCFI19:
 529              		.cfi_def_cfa_register 11
 530 03c0 1CD04DE2 		sub	sp, sp, #28
 531 03c4 10000BE5 		str	r0, [fp, #-16]
 532 03c8 14100BE5 		str	r1, [fp, #-20]
 533 03cc 18200BE5 		str	r2, [fp, #-24]
 227:../_old/cyfxtx.c ****     const uint8_t *ptr1 = s1, *ptr2 = s2;
 534              		.loc 1 227 0
 535 03d0 10301BE5 		ldr	r3, [fp, #-16]
 536 03d4 08300BE5 		str	r3, [fp, #-8]
 537 03d8 14301BE5 		ldr	r3, [fp, #-20]
 538 03dc 0C300BE5 		str	r3, [fp, #-12]
 228:../_old/cyfxtx.c **** 
 229:../_old/cyfxtx.c ****     while(n--)
 539              		.loc 1 229 0
 540 03e0 120000EA 		b	.L31
 541              	.L34:
 230:../_old/cyfxtx.c ****     {
 231:../_old/cyfxtx.c ****         if(*ptr1 != *ptr2)
 542              		.loc 1 231 0
 543 03e4 08301BE5 		ldr	r3, [fp, #-8]
 544 03e8 0020D3E5 		ldrb	r2, [r3, #0]	@ zero_extendqisi2
 545 03ec 0C301BE5 		ldr	r3, [fp, #-12]
 546 03f0 0030D3E5 		ldrb	r3, [r3, #0]	@ zero_extendqisi2
 547 03f4 030052E1 		cmp	r2, r3
 548 03f8 0600000A 		beq	.L32
 232:../_old/cyfxtx.c ****         {
 233:../_old/cyfxtx.c ****             return *ptr1 - *ptr2;
 549              		.loc 1 233 0
 550 03fc 08301BE5 		ldr	r3, [fp, #-8]
 551 0400 0030D3E5 		ldrb	r3, [r3, #0]	@ zero_extendqisi2
 552 0404 0320A0E1 		mov	r2, r3
 553 0408 0C301BE5 		ldr	r3, [fp, #-12]
 554 040c 0030D3E5 		ldrb	r3, [r3, #0]	@ zero_extendqisi2
 555 0410 023063E0 		rsb	r3, r3, r2
 556 0414 100000EA 		b	.L33
 557              	.L32:
 234:../_old/cyfxtx.c ****         }
 235:../_old/cyfxtx.c ****         
 236:../_old/cyfxtx.c ****         ptr1++;
 558              		.loc 1 236 0
 559 0418 08301BE5 		ldr	r3, [fp, #-8]
 560 041c 013083E2 		add	r3, r3, #1
 561 0420 08300BE5 		str	r3, [fp, #-8]
 237:../_old/cyfxtx.c ****         ptr2++;
 562              		.loc 1 237 0
 563 0424 0C301BE5 		ldr	r3, [fp, #-12]
 564 0428 013083E2 		add	r3, r3, #1
 565 042c 0C300BE5 		str	r3, [fp, #-12]
 566              	.L31:
 229:../_old/cyfxtx.c ****     while(n--)
 567              		.loc 1 229 0 discriminator 1
 568 0430 18301BE5 		ldr	r3, [fp, #-24]
 569 0434 000053E3 		cmp	r3, #0
 570 0438 0030A003 		moveq	r3, #0
 571 043c 0130A013 		movne	r3, #1
 572 0440 FF3003E2 		and	r3, r3, #255
 573 0444 18201BE5 		ldr	r2, [fp, #-24]
 574 0448 012042E2 		sub	r2, r2, #1
 575 044c 18200BE5 		str	r2, [fp, #-24]
 576 0450 000053E3 		cmp	r3, #0
 577 0454 E2FFFF1A 		bne	.L34
 238:../_old/cyfxtx.c ****     }  
 239:../_old/cyfxtx.c ****     return 0;
 578              		.loc 1 239 0
 579 0458 0030A0E3 		mov	r3, #0
 580              	.L33:
 240:../_old/cyfxtx.c **** }
 581              		.loc 1 240 0
 582 045c 0300A0E1 		mov	r0, r3
 583 0460 00D08BE2 		add	sp, fp, #0
 584 0464 04B09DE4 		ldmfd	sp!, {fp}
 585 0468 1EFF2FE1 		bx	lr
 586              		.cfi_endproc
 587              	.LFE9:
 589              		.align	2
 590              		.global	CyU3PDmaBufferInit
 592              	CyU3PDmaBufferInit:
 593              	.LFB10:
 241:../_old/cyfxtx.c **** 
 242:../_old/cyfxtx.c **** /* This function shall be invoked by the API library 
 243:../_old/cyfxtx.c ****  * and should not be explicitly invoked.
 244:../_old/cyfxtx.c ****  * If other buffer sizes are required by the application code, this function must
 245:../_old/cyfxtx.c ****  * be modified to create other block pools.
 246:../_old/cyfxtx.c ****  */
 247:../_old/cyfxtx.c **** void
 248:../_old/cyfxtx.c **** CyU3PDmaBufferInit (
 249:../_old/cyfxtx.c ****         void)
 250:../_old/cyfxtx.c **** {
 594              		.loc 1 250 0
 595              		.cfi_startproc
 596              		@ args = 0, pretend = 0, frame = 8
 597              		@ frame_needed = 1, uses_anonymous_args = 0
 598 046c 00482DE9 		stmfd	sp!, {fp, lr}
 599              	.LCFI20:
 600              		.cfi_def_cfa_offset 8
 601 0470 04B08DE2 		add	fp, sp, #4
 602              		.cfi_offset 14, -4
 603              		.cfi_offset 11, -8
 604              	.LCFI21:
 605              		.cfi_def_cfa 11, 4
 606 0474 08D04DE2 		sub	sp, sp, #8
 251:../_old/cyfxtx.c ****     uint32_t status, size;
 252:../_old/cyfxtx.c ****     uint32_t tmp;
 253:../_old/cyfxtx.c **** 
 254:../_old/cyfxtx.c ****     /* If buffer manager has already been initialized, just return. */
 255:../_old/cyfxtx.c ****     if ((glBufferManager.startAddr != 0) && (glBufferManager.regionSize != 0))
 607              		.loc 1 255 0
 608 0478 EC309FE5 		ldr	r3, .L42
 609 047c 383093E5 		ldr	r3, [r3, #56]
 610 0480 000053E3 		cmp	r3, #0
 611 0484 0300000A 		beq	.L36
 612              		.loc 1 255 0 is_stmt 0 discriminator 1
 613 0488 DC309FE5 		ldr	r3, .L42
 614 048c 3C3093E5 		ldr	r3, [r3, #60]
 615 0490 000053E3 		cmp	r3, #0
 616 0494 2F00001A 		bne	.L40
 617              	.L36:
 256:../_old/cyfxtx.c ****     {
 257:../_old/cyfxtx.c ****         return;
 258:../_old/cyfxtx.c ****     }
 259:../_old/cyfxtx.c **** 
 260:../_old/cyfxtx.c ****     /* Create a mutex variable for safe allocation. */
 261:../_old/cyfxtx.c ****     status = CyU3PMutexCreate (&glBufferManager.lock, CYU3P_NO_INHERIT);
 618              		.loc 1 261 0 is_stmt 1
 619 0498 CC009FE5 		ldr	r0, .L42
 620 049c 0010A0E3 		mov	r1, #0
 621 04a0 0020A0E3 		mov	r2, #0
 622 04a4 3830A0E3 		mov	r3, #56
 623 04a8 FEFFFFEB 		bl	_txe_mutex_create
 624 04ac 08000BE5 		str	r0, [fp, #-8]
 262:../_old/cyfxtx.c ****     if (status != CY_U3P_SUCCESS)
 625              		.loc 1 262 0
 626 04b0 08301BE5 		ldr	r3, [fp, #-8]
 627 04b4 000053E3 		cmp	r3, #0
 628 04b8 2800001A 		bne	.L41
 629              	.L38:
 263:../_old/cyfxtx.c ****     {
 264:../_old/cyfxtx.c ****         return;
 265:../_old/cyfxtx.c ****     }
 266:../_old/cyfxtx.c **** 
 267:../_old/cyfxtx.c ****     /* No threads are running at this point in time. There is no need to
 268:../_old/cyfxtx.c ****        get the mutex. */
 269:../_old/cyfxtx.c **** 
 270:../_old/cyfxtx.c ****     /* Allocate the memory buffer to be used to track memory status.
 271:../_old/cyfxtx.c ****        We need one bit per 32 bytes of memory buffer space. Since a 32
 272:../_old/cyfxtx.c ****        bit array is being used, round up to the necessary number of
 273:../_old/cyfxtx.c ****        32 bit words. */
 274:../_old/cyfxtx.c ****     size = ((CY_U3P_BUFFER_HEAP_SIZE / 32) + 31) / 32;
 630              		.loc 1 274 0
 631 04bc E030A0E3 		mov	r3, #224
 632 04c0 0C300BE5 		str	r3, [fp, #-12]
 275:../_old/cyfxtx.c ****     glBufferManager.usedStatus = (uint32_t *)CyU3PMemAlloc (size * 4);
 633              		.loc 1 275 0
 634 04c4 0C301BE5 		ldr	r3, [fp, #-12]
 635 04c8 0331A0E1 		mov	r3, r3, asl #2
 636 04cc 0300A0E1 		mov	r0, r3
 637 04d0 FEFFFFEB 		bl	CyU3PMemAlloc
 638 04d4 0030A0E1 		mov	r3, r0
 639 04d8 0320A0E1 		mov	r2, r3
 640 04dc 88309FE5 		ldr	r3, .L42
 641 04e0 402083E5 		str	r2, [r3, #64]
 276:../_old/cyfxtx.c ****     if (glBufferManager.usedStatus == 0)
 642              		.loc 1 276 0
 643 04e4 80309FE5 		ldr	r3, .L42
 644 04e8 403093E5 		ldr	r3, [r3, #64]
 645 04ec 000053E3 		cmp	r3, #0
 646 04f0 0200001A 		bne	.L39
 277:../_old/cyfxtx.c ****     {
 278:../_old/cyfxtx.c ****         CyU3PMutexDestroy (&glBufferManager.lock);
 647              		.loc 1 278 0
 648 04f4 70009FE5 		ldr	r0, .L42
 649 04f8 FEFFFFEB 		bl	_txe_mutex_delete
 279:../_old/cyfxtx.c ****         return;
 650              		.loc 1 279 0
 651 04fc 180000EA 		b	.L35
 652              	.L39:
 280:../_old/cyfxtx.c ****     }
 281:../_old/cyfxtx.c **** 
 282:../_old/cyfxtx.c ****     /* Initially mark all memory as available. If there are any status bits
 283:../_old/cyfxtx.c ****        beyond the valid memory range, mark these as unavailable. */
 284:../_old/cyfxtx.c ****     CyU3PMemSet ((uint8_t *)glBufferManager.usedStatus, 0, (size * 4));
 653              		.loc 1 284 0
 654 0500 64309FE5 		ldr	r3, .L42
 655 0504 403093E5 		ldr	r3, [r3, #64]
 656 0508 0320A0E1 		mov	r2, r3
 657 050c 0C301BE5 		ldr	r3, [fp, #-12]
 658 0510 0331A0E1 		mov	r3, r3, asl #2
 659 0514 0200A0E1 		mov	r0, r2
 660 0518 0010A0E3 		mov	r1, #0
 661 051c 0320A0E1 		mov	r2, r3
 662 0520 FEFFFFEB 		bl	CyU3PMemSet
 285:../_old/cyfxtx.c ****     if ((CY_U3P_BUFFER_HEAP_SIZE / 32) & 31)
 286:../_old/cyfxtx.c ****     {
 287:../_old/cyfxtx.c ****         tmp = 32 - ((CY_U3P_BUFFER_HEAP_SIZE / 32) & 31);
 288:../_old/cyfxtx.c ****         glBufferManager.usedStatus[size - 1] = ~((1 << tmp) - 1);
 289:../_old/cyfxtx.c ****     }
 290:../_old/cyfxtx.c **** 
 291:../_old/cyfxtx.c ****     /* Initialize the start address and region size variables. */
 292:../_old/cyfxtx.c ****     glBufferManager.startAddr  = CY_U3P_BUFFER_HEAP_BASE;
 663              		.loc 1 292 0
 664 0524 40309FE5 		ldr	r3, .L42
 665 0528 40209FE5 		ldr	r2, .L42+4
 666 052c 382083E5 		str	r2, [r3, #56]
 293:../_old/cyfxtx.c ****     glBufferManager.regionSize = CY_U3P_BUFFER_HEAP_SIZE;
 667              		.loc 1 293 0
 668 0530 34309FE5 		ldr	r3, .L42
 669 0534 0E29A0E3 		mov	r2, #229376
 670 0538 3C2083E5 		str	r2, [r3, #60]
 294:../_old/cyfxtx.c ****     glBufferManager.statusSize = size;
 671              		.loc 1 294 0
 672 053c 28309FE5 		ldr	r3, .L42
 673 0540 0C201BE5 		ldr	r2, [fp, #-12]
 674 0544 442083E5 		str	r2, [r3, #68]
 295:../_old/cyfxtx.c ****     glBufferManager.searchPos  = 0;
 675              		.loc 1 295 0
 676 0548 1C309FE5 		ldr	r3, .L42
 677 054c 0020A0E3 		mov	r2, #0
 678 0550 482083E5 		str	r2, [r3, #72]
 679 0554 020000EA 		b	.L35
 680              	.L40:
 257:../_old/cyfxtx.c ****         return;
 681              		.loc 1 257 0
 682 0558 0000A0E1 		mov	r0, r0	@ nop
 683 055c 000000EA 		b	.L35
 684              	.L41:
 264:../_old/cyfxtx.c ****         return;
 685              		.loc 1 264 0
 686 0560 0000A0E1 		mov	r0, r0	@ nop
 687              	.L35:
 296:../_old/cyfxtx.c **** }
 688              		.loc 1 296 0
 689 0564 04D04BE2 		sub	sp, fp, #4
 690 0568 0088BDE8 		ldmfd	sp!, {fp, pc}
 691              	.L43:
 692              		.align	2
 693              	.L42:
 694 056c 00000000 		.word	glBufferManager
 695 0570 00000440 		.word	1074003968
 696              		.cfi_endproc
 697              	.LFE10:
 699              		.align	2
 700              		.global	CyU3PDmaBufferDeInit
 702              	CyU3PDmaBufferDeInit:
 703              	.LFB11:
 297:../_old/cyfxtx.c **** 
 298:../_old/cyfxtx.c **** /* This function shall be invoked by the API library 
 299:../_old/cyfxtx.c ****  * and should not be explicitly invoked.
 300:../_old/cyfxtx.c ****  */
 301:../_old/cyfxtx.c **** void
 302:../_old/cyfxtx.c **** CyU3PDmaBufferDeInit (
 303:../_old/cyfxtx.c ****         void)
 304:../_old/cyfxtx.c **** {
 704              		.loc 1 304 0
 705              		.cfi_startproc
 706              		@ args = 0, pretend = 0, frame = 8
 707              		@ frame_needed = 1, uses_anonymous_args = 0
 708 0574 00482DE9 		stmfd	sp!, {fp, lr}
 709              	.LCFI22:
 710              		.cfi_def_cfa_offset 8
 711 0578 04B08DE2 		add	fp, sp, #4
 712              		.cfi_offset 14, -4
 713              		.cfi_offset 11, -8
 714              	.LCFI23:
 715              		.cfi_def_cfa 11, 4
 716 057c 08D04DE2 		sub	sp, sp, #8
 305:../_old/cyfxtx.c ****     uint32_t status;
 306:../_old/cyfxtx.c **** 
 307:../_old/cyfxtx.c ****     /* Get the mutex lock. */
 308:../_old/cyfxtx.c ****     if (CyU3PThreadIdentify ())
 717              		.loc 1 308 0
 718 0580 FEFFFFEB 		bl	_tx_thread_identify
 719 0584 0030A0E1 		mov	r3, r0
 720 0588 000053E3 		cmp	r3, #0
 721 058c 0400000A 		beq	.L45
 309:../_old/cyfxtx.c ****     {
 310:../_old/cyfxtx.c ****         status = CyU3PMutexGet (&glBufferManager.lock, CYU3P_WAIT_FOREVER);
 722              		.loc 1 310 0
 723 0590 88009FE5 		ldr	r0, .L50
 724 0594 0010E0E3 		mvn	r1, #0
 725 0598 FEFFFFEB 		bl	_txe_mutex_get
 726 059c 08000BE5 		str	r0, [fp, #-8]
 727 05a0 030000EA 		b	.L46
 728              	.L45:
 311:../_old/cyfxtx.c ****     }
 312:../_old/cyfxtx.c ****     else
 313:../_old/cyfxtx.c ****     {
 314:../_old/cyfxtx.c ****         status = CyU3PMutexGet (&glBufferManager.lock, CYU3P_NO_WAIT);
 729              		.loc 1 314 0
 730 05a4 74009FE5 		ldr	r0, .L50
 731 05a8 0010A0E3 		mov	r1, #0
 732 05ac FEFFFFEB 		bl	_txe_mutex_get
 733 05b0 08000BE5 		str	r0, [fp, #-8]
 734              	.L46:
 315:../_old/cyfxtx.c ****     }
 316:../_old/cyfxtx.c **** 
 317:../_old/cyfxtx.c ****     if (status != CY_U3P_SUCCESS)
 735              		.loc 1 317 0
 736 05b4 08301BE5 		ldr	r3, [fp, #-8]
 737 05b8 000053E3 		cmp	r3, #0
 738 05bc 1400001A 		bne	.L49
 739              	.L47:
 318:../_old/cyfxtx.c ****     {
 319:../_old/cyfxtx.c ****         return;
 320:../_old/cyfxtx.c ****     }
 321:../_old/cyfxtx.c **** 
 322:../_old/cyfxtx.c ****     /* Free memory and zero out variables. */
 323:../_old/cyfxtx.c ****     CyU3PMemFree (glBufferManager.usedStatus);
 740              		.loc 1 323 0
 741 05c0 58309FE5 		ldr	r3, .L50
 742 05c4 403093E5 		ldr	r3, [r3, #64]
 743 05c8 0300A0E1 		mov	r0, r3
 744 05cc FEFFFFEB 		bl	CyU3PMemFree
 324:../_old/cyfxtx.c ****     glBufferManager.usedStatus = 0;
 745              		.loc 1 324 0
 746 05d0 48309FE5 		ldr	r3, .L50
 747 05d4 0020A0E3 		mov	r2, #0
 748 05d8 402083E5 		str	r2, [r3, #64]
 325:../_old/cyfxtx.c ****     glBufferManager.startAddr  = 0;
 749              		.loc 1 325 0
 750 05dc 3C309FE5 		ldr	r3, .L50
 751 05e0 0020A0E3 		mov	r2, #0
 752 05e4 382083E5 		str	r2, [r3, #56]
 326:../_old/cyfxtx.c ****     glBufferManager.regionSize = 0;
 753              		.loc 1 326 0
 754 05e8 30309FE5 		ldr	r3, .L50
 755 05ec 0020A0E3 		mov	r2, #0
 756 05f0 3C2083E5 		str	r2, [r3, #60]
 327:../_old/cyfxtx.c ****     glBufferManager.statusSize = 0;
 757              		.loc 1 327 0
 758 05f4 24309FE5 		ldr	r3, .L50
 759 05f8 0020A0E3 		mov	r2, #0
 760 05fc 442083E5 		str	r2, [r3, #68]
 328:../_old/cyfxtx.c **** 
 329:../_old/cyfxtx.c ****     /* Free up and destroy the mutex variable. */
 330:../_old/cyfxtx.c ****     CyU3PMutexPut (&glBufferManager.lock);
 761              		.loc 1 330 0
 762 0600 18009FE5 		ldr	r0, .L50
 763 0604 FEFFFFEB 		bl	_txe_mutex_put
 331:../_old/cyfxtx.c ****     CyU3PMutexDestroy (&glBufferManager.lock);
 764              		.loc 1 331 0
 765 0608 10009FE5 		ldr	r0, .L50
 766 060c FEFFFFEB 		bl	_txe_mutex_delete
 767 0610 000000EA 		b	.L44
 768              	.L49:
 319:../_old/cyfxtx.c ****         return;
 769              		.loc 1 319 0
 770 0614 0000A0E1 		mov	r0, r0	@ nop
 771              	.L44:
 332:../_old/cyfxtx.c **** }
 772              		.loc 1 332 0
 773 0618 04D04BE2 		sub	sp, fp, #4
 774 061c 0088BDE8 		ldmfd	sp!, {fp, pc}
 775              	.L51:
 776              		.align	2
 777              	.L50:
 778 0620 00000000 		.word	glBufferManager
 779              		.cfi_endproc
 780              	.LFE11:
 782              		.align	2
 784              	CyU3PDmaBufMgrSetStatus:
 785              	.LFB12:
 333:../_old/cyfxtx.c **** 
 334:../_old/cyfxtx.c **** /* Helper function for the DMA buffer manager. Used to set/clear
 335:../_old/cyfxtx.c ****    a set of status bits from the alloc/free functions. */
 336:../_old/cyfxtx.c **** static void
 337:../_old/cyfxtx.c **** CyU3PDmaBufMgrSetStatus (
 338:../_old/cyfxtx.c ****         uint32_t startPos,
 339:../_old/cyfxtx.c ****         uint32_t numBits,
 340:../_old/cyfxtx.c ****         CyBool_t value)
 341:../_old/cyfxtx.c **** {
 786              		.loc 1 341 0
 787              		.cfi_startproc
 788              		@ args = 0, pretend = 0, frame = 32
 789              		@ frame_needed = 1, uses_anonymous_args = 0
 790              		@ link register save eliminated.
 791 0624 04B02DE5 		str	fp, [sp, #-4]!
 792              	.LCFI24:
 793              		.cfi_def_cfa_offset 4
 794 0628 00B08DE2 		add	fp, sp, #0
 795              		.cfi_offset 11, -4
 796              	.LCFI25:
 797              		.cfi_def_cfa_register 11
 798 062c 24D04DE2 		sub	sp, sp, #36
 799 0630 18000BE5 		str	r0, [fp, #-24]
 800 0634 1C100BE5 		str	r1, [fp, #-28]
 801 0638 20200BE5 		str	r2, [fp, #-32]
 342:../_old/cyfxtx.c ****     uint32_t wordnum  = (startPos >> 5);
 802              		.loc 1 342 0
 803 063c 18301BE5 		ldr	r3, [fp, #-24]
 804 0640 A332A0E1 		mov	r3, r3, lsr #5
 805 0644 08300BE5 		str	r3, [fp, #-8]
 343:../_old/cyfxtx.c ****     uint32_t startbit, endbit, mask;
 344:../_old/cyfxtx.c **** 
 345:../_old/cyfxtx.c ****     startbit = (startPos & 31);
 806              		.loc 1 345 0
 807 0648 18301BE5 		ldr	r3, [fp, #-24]
 808 064c 1F3003E2 		and	r3, r3, #31
 809 0650 0C300BE5 		str	r3, [fp, #-12]
 346:../_old/cyfxtx.c ****     endbit   = CY_U3P_MIN (32, startbit + numBits);
 810              		.loc 1 346 0
 811 0654 0C201BE5 		ldr	r2, [fp, #-12]
 812 0658 1C301BE5 		ldr	r3, [fp, #-28]
 813 065c 033082E0 		add	r3, r2, r3
 814 0660 200053E3 		cmp	r3, #32
 815 0664 2030A023 		movcs	r3, #32
 816 0668 10300BE5 		str	r3, [fp, #-16]
 347:../_old/cyfxtx.c **** 
 348:../_old/cyfxtx.c ****     /* Compute a mask that has a 1 at all bit positions to be altered. */
 349:../_old/cyfxtx.c ****     mask  = (endbit == 32) ? 0xFFFFFFFFU : ((uint32_t)(1 << endbit) - 1);
 817              		.loc 1 349 0
 818 066c 10301BE5 		ldr	r3, [fp, #-16]
 819 0670 200053E3 		cmp	r3, #32
 820 0674 0400000A 		beq	.L53
 821              		.loc 1 349 0 is_stmt 0 discriminator 1
 822 0678 10301BE5 		ldr	r3, [fp, #-16]
 823 067c 0120A0E3 		mov	r2, #1
 824 0680 1233A0E1 		mov	r3, r2, asl r3
 825 0684 013043E2 		sub	r3, r3, #1
 826 0688 000000EA 		b	.L54
 827              	.L53:
 828              		.loc 1 349 0 discriminator 2
 829 068c 0030E0E3 		mvn	r3, #0
 830              	.L54:
 831              		.loc 1 349 0 discriminator 3
 832 0690 14300BE5 		str	r3, [fp, #-20]
 350:../_old/cyfxtx.c ****     mask -= ((1 << startbit) - 1);
 833              		.loc 1 350 0 is_stmt 1 discriminator 3
 834 0694 0C301BE5 		ldr	r3, [fp, #-12]
 835 0698 0120A0E3 		mov	r2, #1
 836 069c 1233A0E1 		mov	r3, r2, asl r3
 837 06a0 14201BE5 		ldr	r2, [fp, #-20]
 838 06a4 023063E0 		rsb	r3, r3, r2
 839 06a8 013083E2 		add	r3, r3, #1
 840 06ac 14300BE5 		str	r3, [fp, #-20]
 351:../_old/cyfxtx.c **** 
 352:../_old/cyfxtx.c ****     /* Repeatedly go through the array and update each 32 bit word as required. */
 353:../_old/cyfxtx.c ****     while (numBits)
 841              		.loc 1 353 0 discriminator 3
 842 06b0 3C0000EA 		b	.L55
 843              	.L59:
 354:../_old/cyfxtx.c ****     {
 355:../_old/cyfxtx.c ****         if (value)
 844              		.loc 1 355 0
 845 06b4 20301BE5 		ldr	r3, [fp, #-32]
 846 06b8 000053E3 		cmp	r3, #0
 847 06bc 0E00000A 		beq	.L56
 356:../_old/cyfxtx.c ****         {
 357:../_old/cyfxtx.c ****             glBufferManager.usedStatus[wordnum] |= mask;
 848              		.loc 1 357 0
 849 06c0 F8309FE5 		ldr	r3, .L60
 850 06c4 402093E5 		ldr	r2, [r3, #64]
 851 06c8 08301BE5 		ldr	r3, [fp, #-8]
 852 06cc 0331A0E1 		mov	r3, r3, asl #2
 853 06d0 033082E0 		add	r3, r2, r3
 854 06d4 E4209FE5 		ldr	r2, .L60
 855 06d8 401092E5 		ldr	r1, [r2, #64]
 856 06dc 08201BE5 		ldr	r2, [fp, #-8]
 857 06e0 0221A0E1 		mov	r2, r2, asl #2
 858 06e4 022081E0 		add	r2, r1, r2
 859 06e8 001092E5 		ldr	r1, [r2, #0]
 860 06ec 14201BE5 		ldr	r2, [fp, #-20]
 861 06f0 022081E1 		orr	r2, r1, r2
 862 06f4 002083E5 		str	r2, [r3, #0]
 863 06f8 0E0000EA 		b	.L57
 864              	.L56:
 358:../_old/cyfxtx.c ****         }
 359:../_old/cyfxtx.c ****         else
 360:../_old/cyfxtx.c ****         {
 361:../_old/cyfxtx.c ****             glBufferManager.usedStatus[wordnum] &= ~mask;
 865              		.loc 1 361 0
 866 06fc BC309FE5 		ldr	r3, .L60
 867 0700 402093E5 		ldr	r2, [r3, #64]
 868 0704 08301BE5 		ldr	r3, [fp, #-8]
 869 0708 0331A0E1 		mov	r3, r3, asl #2
 870 070c 033082E0 		add	r3, r2, r3
 871 0710 A8209FE5 		ldr	r2, .L60
 872 0714 401092E5 		ldr	r1, [r2, #64]
 873 0718 08201BE5 		ldr	r2, [fp, #-8]
 874 071c 0221A0E1 		mov	r2, r2, asl #2
 875 0720 022081E0 		add	r2, r1, r2
 876 0724 001092E5 		ldr	r1, [r2, #0]
 877 0728 14201BE5 		ldr	r2, [fp, #-20]
 878 072c 0220E0E1 		mvn	r2, r2
 879 0730 022001E0 		and	r2, r1, r2
 880 0734 002083E5 		str	r2, [r3, #0]
 881              	.L57:
 362:../_old/cyfxtx.c ****         }
 363:../_old/cyfxtx.c **** 
 364:../_old/cyfxtx.c ****         wordnum++;
 882              		.loc 1 364 0
 883 0738 08301BE5 		ldr	r3, [fp, #-8]
 884 073c 013083E2 		add	r3, r3, #1
 885 0740 08300BE5 		str	r3, [fp, #-8]
 365:../_old/cyfxtx.c ****         numBits -= (endbit - startbit);
 886              		.loc 1 365 0
 887 0744 0C201BE5 		ldr	r2, [fp, #-12]
 888 0748 10301BE5 		ldr	r3, [fp, #-16]
 889 074c 023063E0 		rsb	r3, r3, r2
 890 0750 1C201BE5 		ldr	r2, [fp, #-28]
 891 0754 033082E0 		add	r3, r2, r3
 892 0758 1C300BE5 		str	r3, [fp, #-28]
 366:../_old/cyfxtx.c ****         if (numBits >= 32)
 893              		.loc 1 366 0
 894 075c 1C301BE5 		ldr	r3, [fp, #-28]
 895 0760 1F0053E3 		cmp	r3, #31
 896 0764 0600009A 		bls	.L58
 367:../_old/cyfxtx.c ****         {
 368:../_old/cyfxtx.c ****             startbit = 0;
 897              		.loc 1 368 0
 898 0768 0030A0E3 		mov	r3, #0
 899 076c 0C300BE5 		str	r3, [fp, #-12]
 369:../_old/cyfxtx.c ****             endbit   = 32;
 900              		.loc 1 369 0
 901 0770 2030A0E3 		mov	r3, #32
 902 0774 10300BE5 		str	r3, [fp, #-16]
 370:../_old/cyfxtx.c ****             mask     = 0xFFFFFFFFU;
 903              		.loc 1 370 0
 904 0778 0030E0E3 		mvn	r3, #0
 905 077c 14300BE5 		str	r3, [fp, #-20]
 906 0780 080000EA 		b	.L55
 907              	.L58:
 371:../_old/cyfxtx.c ****         }
 372:../_old/cyfxtx.c ****         else
 373:../_old/cyfxtx.c ****         {
 374:../_old/cyfxtx.c ****             startbit = 0;
 908              		.loc 1 374 0
 909 0784 0030A0E3 		mov	r3, #0
 910 0788 0C300BE5 		str	r3, [fp, #-12]
 375:../_old/cyfxtx.c ****             endbit   = numBits;
 911              		.loc 1 375 0
 912 078c 1C301BE5 		ldr	r3, [fp, #-28]
 913 0790 10300BE5 		str	r3, [fp, #-16]
 376:../_old/cyfxtx.c ****             mask     = ((uint32_t)(1 << numBits) - 1);
 914              		.loc 1 376 0
 915 0794 1C301BE5 		ldr	r3, [fp, #-28]
 916 0798 0120A0E3 		mov	r2, #1
 917 079c 1233A0E1 		mov	r3, r2, asl r3
 918 07a0 013043E2 		sub	r3, r3, #1
 919 07a4 14300BE5 		str	r3, [fp, #-20]
 920              	.L55:
 353:../_old/cyfxtx.c ****     while (numBits)
 921              		.loc 1 353 0 discriminator 1
 922 07a8 1C301BE5 		ldr	r3, [fp, #-28]
 923 07ac 000053E3 		cmp	r3, #0
 924 07b0 BFFFFF1A 		bne	.L59
 377:../_old/cyfxtx.c ****         }
 378:../_old/cyfxtx.c ****     }
 379:../_old/cyfxtx.c **** }
 925              		.loc 1 379 0
 926 07b4 00D08BE2 		add	sp, fp, #0
 927 07b8 04B09DE4 		ldmfd	sp!, {fp}
 928 07bc 1EFF2FE1 		bx	lr
 929              	.L61:
 930              		.align	2
 931              	.L60:
 932 07c0 00000000 		.word	glBufferManager
 933              		.cfi_endproc
 934              	.LFE12:
 936              		.align	2
 937              		.global	CyU3PDmaBufferAlloc
 939              	CyU3PDmaBufferAlloc:
 940              	.LFB13:
 380:../_old/cyfxtx.c **** 
 381:../_old/cyfxtx.c **** /* This function shall be invoked from the DMA module for buffer allocation */
 382:../_old/cyfxtx.c **** void *
 383:../_old/cyfxtx.c **** CyU3PDmaBufferAlloc (
 384:../_old/cyfxtx.c ****         uint16_t size)
 385:../_old/cyfxtx.c **** {
 941              		.loc 1 385 0
 942              		.cfi_startproc
 943              		@ args = 0, pretend = 0, frame = 32
 944              		@ frame_needed = 1, uses_anonymous_args = 0
 945 07c4 00482DE9 		stmfd	sp!, {fp, lr}
 946              	.LCFI26:
 947              		.cfi_def_cfa_offset 8
 948 07c8 04B08DE2 		add	fp, sp, #4
 949              		.cfi_offset 14, -4
 950              		.cfi_offset 11, -8
 951              	.LCFI27:
 952              		.cfi_def_cfa 11, 4
 953 07cc 20D04DE2 		sub	sp, sp, #32
 954 07d0 0030A0E1 		mov	r3, r0
 955 07d4 BE314BE1 		strh	r3, [fp, #-30]	@ movhi
 386:../_old/cyfxtx.c ****     uint32_t tmp;
 387:../_old/cyfxtx.c ****     uint32_t wordnum, bitnum;
 388:../_old/cyfxtx.c ****     uint32_t count, start = 0;
 956              		.loc 1 388 0
 957 07d8 0030A0E3 		mov	r3, #0
 958 07dc 18300BE5 		str	r3, [fp, #-24]
 389:../_old/cyfxtx.c ****     void *ptr = 0;
 959              		.loc 1 389 0
 960 07e0 0030A0E3 		mov	r3, #0
 961 07e4 1C300BE5 		str	r3, [fp, #-28]
 390:../_old/cyfxtx.c **** 
 391:../_old/cyfxtx.c ****     /* Get the lock for the buffer manager. */
 392:../_old/cyfxtx.c ****     if (CyU3PThreadIdentify ())
 962              		.loc 1 392 0
 963 07e8 FEFFFFEB 		bl	_tx_thread_identify
 964 07ec 0030A0E1 		mov	r3, r0
 965 07f0 000053E3 		cmp	r3, #0
 966 07f4 0400000A 		beq	.L63
 393:../_old/cyfxtx.c ****     {
 394:../_old/cyfxtx.c ****         tmp = CyU3PMutexGet (&glBufferManager.lock, CY_U3P_BUFFER_ALLOC_TIMEOUT);
 967              		.loc 1 394 0
 968 07f8 20029FE5 		ldr	r0, .L78
 969 07fc 0A10A0E3 		mov	r1, #10
 970 0800 FEFFFFEB 		bl	_txe_mutex_get
 971 0804 08000BE5 		str	r0, [fp, #-8]
 972 0808 030000EA 		b	.L64
 973              	.L63:
 395:../_old/cyfxtx.c ****     }
 396:../_old/cyfxtx.c ****     else
 397:../_old/cyfxtx.c ****     {
 398:../_old/cyfxtx.c ****         tmp = CyU3PMutexGet (&glBufferManager.lock, CYU3P_NO_WAIT);
 974              		.loc 1 398 0
 975 080c 0C029FE5 		ldr	r0, .L78
 976 0810 0010A0E3 		mov	r1, #0
 977 0814 FEFFFFEB 		bl	_txe_mutex_get
 978 0818 08000BE5 		str	r0, [fp, #-8]
 979              	.L64:
 399:../_old/cyfxtx.c ****     }
 400:../_old/cyfxtx.c **** 
 401:../_old/cyfxtx.c ****     if (tmp != CY_U3P_SUCCESS)
 980              		.loc 1 401 0
 981 081c 08301BE5 		ldr	r3, [fp, #-8]
 982 0820 000053E3 		cmp	r3, #0
 983 0824 0100000A 		beq	.L65
 402:../_old/cyfxtx.c ****     {
 403:../_old/cyfxtx.c ****         return ptr;
 984              		.loc 1 403 0
 985 0828 1C301BE5 		ldr	r3, [fp, #-28]
 986 082c 780000EA 		b	.L66
 987              	.L65:
 404:../_old/cyfxtx.c ****     }
 405:../_old/cyfxtx.c **** 
 406:../_old/cyfxtx.c ****     /* Make sure the buffer manager has been initialized. */
 407:../_old/cyfxtx.c ****     if ((glBufferManager.startAddr == 0) || (glBufferManager.regionSize == 0))
 988              		.loc 1 407 0
 989 0830 E8319FE5 		ldr	r3, .L78
 990 0834 383093E5 		ldr	r3, [r3, #56]
 991 0838 000053E3 		cmp	r3, #0
 992 083c 0300000A 		beq	.L67
 993              		.loc 1 407 0 is_stmt 0 discriminator 1
 994 0840 D8319FE5 		ldr	r3, .L78
 995 0844 3C3093E5 		ldr	r3, [r3, #60]
 996 0848 000053E3 		cmp	r3, #0
 997 084c 0300001A 		bne	.L68
 998              	.L67:
 408:../_old/cyfxtx.c ****     {
 409:../_old/cyfxtx.c ****         CyU3PMutexPut (&glBufferManager.lock);
 999              		.loc 1 409 0 is_stmt 1
 1000 0850 C8019FE5 		ldr	r0, .L78
 1001 0854 FEFFFFEB 		bl	_txe_mutex_put
 410:../_old/cyfxtx.c ****         return ptr;
 1002              		.loc 1 410 0
 1003 0858 1C301BE5 		ldr	r3, [fp, #-28]
 1004 085c 6C0000EA 		b	.L66
 1005              	.L68:
 411:../_old/cyfxtx.c ****     }
 412:../_old/cyfxtx.c **** 
 413:../_old/cyfxtx.c ****     /* Find the number of 32 byte chunks required. The minimum size that can be handled is
 414:../_old/cyfxtx.c ****        64 bytes. */
 415:../_old/cyfxtx.c ****     size = (size <= 32) ? 2 : (size + 31) / 32;
 1006              		.loc 1 415 0
 1007 0860 BE315BE1 		ldrh	r3, [fp, #-30]
 1008 0864 200053E3 		cmp	r3, #32
 1009 0868 0800009A 		bls	.L69
 1010              		.loc 1 415 0 is_stmt 0 discriminator 1
 1011 086c BE315BE1 		ldrh	r3, [fp, #-30]
 1012 0870 1F3083E2 		add	r3, r3, #31
 1013 0874 1F2083E2 		add	r2, r3, #31
 1014 0878 000053E3 		cmp	r3, #0
 1015 087c 0230A0B1 		movlt	r3, r2
 1016 0880 C332A0E1 		mov	r3, r3, asr #5
 1017 0884 0338A0E1 		mov	r3, r3, asl #16
 1018 0888 2338A0E1 		mov	r3, r3, lsr #16
 1019 088c 000000EA 		b	.L70
 1020              	.L69:
 1021              		.loc 1 415 0 discriminator 2
 1022 0890 0230A0E3 		mov	r3, #2
 1023              	.L70:
 1024              		.loc 1 415 0 discriminator 3
 1025 0894 BE314BE1 		strh	r3, [fp, #-30]	@ movhi
 416:../_old/cyfxtx.c **** 
 417:../_old/cyfxtx.c ****     /* Search through the status array to find the first block that fits the need. */
 418:../_old/cyfxtx.c ****     wordnum = glBufferManager.searchPos;
 1026              		.loc 1 418 0 is_stmt 1 discriminator 3
 1027 0898 80319FE5 		ldr	r3, .L78
 1028 089c 483093E5 		ldr	r3, [r3, #72]
 1029 08a0 0C300BE5 		str	r3, [fp, #-12]
 419:../_old/cyfxtx.c ****     bitnum  = 0;
 1030              		.loc 1 419 0 discriminator 3
 1031 08a4 0030A0E3 		mov	r3, #0
 1032 08a8 10300BE5 		str	r3, [fp, #-16]
 420:../_old/cyfxtx.c ****     count   = 0;
 1033              		.loc 1 420 0 discriminator 3
 1034 08ac 0030A0E3 		mov	r3, #0
 1035 08b0 14300BE5 		str	r3, [fp, #-20]
 421:../_old/cyfxtx.c ****     tmp     = 0;
 1036              		.loc 1 421 0 discriminator 3
 1037 08b4 0030A0E3 		mov	r3, #0
 1038 08b8 08300BE5 		str	r3, [fp, #-8]
 422:../_old/cyfxtx.c **** 
 423:../_old/cyfxtx.c ****     /* Stop searching once we have checked all of the words. */
 424:../_old/cyfxtx.c ****     while (tmp < glBufferManager.statusSize)
 1039              		.loc 1 424 0 discriminator 3
 1040 08bc 3A0000EA 		b	.L71
 1041              	.L76:
 425:../_old/cyfxtx.c ****     {
 426:../_old/cyfxtx.c ****         if ((glBufferManager.usedStatus[wordnum] & (1 << bitnum)) == 0)
 1042              		.loc 1 426 0
 1043 08c0 58319FE5 		ldr	r3, .L78
 1044 08c4 402093E5 		ldr	r2, [r3, #64]
 1045 08c8 0C301BE5 		ldr	r3, [fp, #-12]
 1046 08cc 0331A0E1 		mov	r3, r3, asl #2
 1047 08d0 033082E0 		add	r3, r2, r3
 1048 08d4 002093E5 		ldr	r2, [r3, #0]
 1049 08d8 10301BE5 		ldr	r3, [fp, #-16]
 1050 08dc 0110A0E3 		mov	r1, #1
 1051 08e0 1133A0E1 		mov	r3, r1, asl r3
 1052 08e4 033002E0 		and	r3, r2, r3
 1053 08e8 000053E3 		cmp	r3, #0
 1054 08ec 1500001A 		bne	.L72
 427:../_old/cyfxtx.c ****         {
 428:../_old/cyfxtx.c ****             if (count == 0)
 1055              		.loc 1 428 0
 1056 08f0 14301BE5 		ldr	r3, [fp, #-20]
 1057 08f4 000053E3 		cmp	r3, #0
 1058 08f8 0500001A 		bne	.L73
 429:../_old/cyfxtx.c ****             {
 430:../_old/cyfxtx.c ****                 start = (wordnum << 5) + bitnum + 1;
 1059              		.loc 1 430 0
 1060 08fc 0C301BE5 		ldr	r3, [fp, #-12]
 1061 0900 8322A0E1 		mov	r2, r3, asl #5
 1062 0904 10301BE5 		ldr	r3, [fp, #-16]
 1063 0908 033082E0 		add	r3, r2, r3
 1064 090c 013083E2 		add	r3, r3, #1
 1065 0910 18300BE5 		str	r3, [fp, #-24]
 1066              	.L73:
 431:../_old/cyfxtx.c ****             }
 432:../_old/cyfxtx.c ****             count++;
 1067              		.loc 1 432 0
 1068 0914 14301BE5 		ldr	r3, [fp, #-20]
 1069 0918 013083E2 		add	r3, r3, #1
 1070 091c 14300BE5 		str	r3, [fp, #-20]
 433:../_old/cyfxtx.c ****             if (count == (size + 1))
 1071              		.loc 1 433 0
 1072 0920 BE315BE1 		ldrh	r3, [fp, #-30]
 1073 0924 013083E2 		add	r3, r3, #1
 1074 0928 0320A0E1 		mov	r2, r3
 1075 092c 14301BE5 		ldr	r3, [fp, #-20]
 1076 0930 030052E1 		cmp	r2, r3
 1077 0934 0500001A 		bne	.L74
 434:../_old/cyfxtx.c ****             {
 435:../_old/cyfxtx.c ****                 /* The last bit corresponding to the allocated memory is left as zero.
 436:../_old/cyfxtx.c ****                    This allows us to identify the end of the allocated block while freeing
 437:../_old/cyfxtx.c ****                    the memory. We need to search for one additional zero while allocating
 438:../_old/cyfxtx.c ****                    to account for this hack. */
 439:../_old/cyfxtx.c ****                 glBufferManager.searchPos = wordnum;
 1078              		.loc 1 439 0
 1079 0938 E0309FE5 		ldr	r3, .L78
 1080 093c 0C201BE5 		ldr	r2, [fp, #-12]
 1081 0940 482083E5 		str	r2, [r3, #72]
 440:../_old/cyfxtx.c ****                 break;
 1082              		.loc 1 440 0
 1083 0944 1D0000EA 		b	.L75
 1084              	.L72:
 441:../_old/cyfxtx.c ****             }
 442:../_old/cyfxtx.c ****         }
 443:../_old/cyfxtx.c ****         else
 444:../_old/cyfxtx.c ****         {
 445:../_old/cyfxtx.c ****             count = 0;
 1085              		.loc 1 445 0
 1086 0948 0030A0E3 		mov	r3, #0
 1087 094c 14300BE5 		str	r3, [fp, #-20]
 1088              	.L74:
 446:../_old/cyfxtx.c ****         }
 447:../_old/cyfxtx.c **** 
 448:../_old/cyfxtx.c ****         bitnum++;
 1089              		.loc 1 448 0
 1090 0950 10301BE5 		ldr	r3, [fp, #-16]
 1091 0954 013083E2 		add	r3, r3, #1
 1092 0958 10300BE5 		str	r3, [fp, #-16]
 449:../_old/cyfxtx.c ****         if (bitnum == 32)
 1093              		.loc 1 449 0
 1094 095c 10301BE5 		ldr	r3, [fp, #-16]
 1095 0960 200053E3 		cmp	r3, #32
 1096 0964 1000001A 		bne	.L71
 450:../_old/cyfxtx.c ****         {
 451:../_old/cyfxtx.c ****             bitnum = 0;
 1097              		.loc 1 451 0
 1098 0968 0030A0E3 		mov	r3, #0
 1099 096c 10300BE5 		str	r3, [fp, #-16]
 452:../_old/cyfxtx.c ****             wordnum++;
 1100              		.loc 1 452 0
 1101 0970 0C301BE5 		ldr	r3, [fp, #-12]
 1102 0974 013083E2 		add	r3, r3, #1
 1103 0978 0C300BE5 		str	r3, [fp, #-12]
 453:../_old/cyfxtx.c ****             tmp++;
 1104              		.loc 1 453 0
 1105 097c 08301BE5 		ldr	r3, [fp, #-8]
 1106 0980 013083E2 		add	r3, r3, #1
 1107 0984 08300BE5 		str	r3, [fp, #-8]
 454:../_old/cyfxtx.c ****             if (wordnum == glBufferManager.statusSize)
 1108              		.loc 1 454 0
 1109 0988 90309FE5 		ldr	r3, .L78
 1110 098c 442093E5 		ldr	r2, [r3, #68]
 1111 0990 0C301BE5 		ldr	r3, [fp, #-12]
 1112 0994 030052E1 		cmp	r2, r3
 1113 0998 0300001A 		bne	.L71
 455:../_old/cyfxtx.c ****             {
 456:../_old/cyfxtx.c ****                 /* Wrap back to the top of the array. */
 457:../_old/cyfxtx.c ****                 wordnum = 0;
 1114              		.loc 1 457 0
 1115 099c 0030A0E3 		mov	r3, #0
 1116 09a0 0C300BE5 		str	r3, [fp, #-12]
 458:../_old/cyfxtx.c ****                 count   = 0;
 1117              		.loc 1 458 0
 1118 09a4 0030A0E3 		mov	r3, #0
 1119 09a8 14300BE5 		str	r3, [fp, #-20]
 1120              	.L71:
 424:../_old/cyfxtx.c ****     while (tmp < glBufferManager.statusSize)
 1121              		.loc 1 424 0 discriminator 1
 1122 09ac 6C309FE5 		ldr	r3, .L78
 1123 09b0 442093E5 		ldr	r2, [r3, #68]
 1124 09b4 08301BE5 		ldr	r3, [fp, #-8]
 1125 09b8 030052E1 		cmp	r2, r3
 1126 09bc BFFFFF8A 		bhi	.L76
 1127              	.L75:
 459:../_old/cyfxtx.c ****             }
 460:../_old/cyfxtx.c ****         }
 461:../_old/cyfxtx.c ****     }
 462:../_old/cyfxtx.c **** 
 463:../_old/cyfxtx.c ****     if (count == (size + 1))
 1128              		.loc 1 463 0
 1129 09c0 BE315BE1 		ldrh	r3, [fp, #-30]
 1130 09c4 013083E2 		add	r3, r3, #1
 1131 09c8 0320A0E1 		mov	r2, r3
 1132 09cc 14301BE5 		ldr	r3, [fp, #-20]
 1133 09d0 030052E1 		cmp	r2, r3
 1134 09d4 0B00001A 		bne	.L77
 464:../_old/cyfxtx.c ****     {
 465:../_old/cyfxtx.c ****         /* Mark the memory region identified as occupied and return the pointer. */
 466:../_old/cyfxtx.c ****         CyU3PDmaBufMgrSetStatus (start, size - 1, CyTrue);
 1135              		.loc 1 466 0
 1136 09d8 BE315BE1 		ldrh	r3, [fp, #-30]
 1137 09dc 013043E2 		sub	r3, r3, #1
 1138 09e0 18001BE5 		ldr	r0, [fp, #-24]
 1139 09e4 0310A0E1 		mov	r1, r3
 1140 09e8 0120A0E3 		mov	r2, #1
 1141 09ec 0CFFFFEB 		bl	CyU3PDmaBufMgrSetStatus
 467:../_old/cyfxtx.c ****         ptr = (void *)(glBufferManager.startAddr + (start << 5));
 1142              		.loc 1 467 0
 1143 09f0 28309FE5 		ldr	r3, .L78
 1144 09f4 382093E5 		ldr	r2, [r3, #56]
 1145 09f8 18301BE5 		ldr	r3, [fp, #-24]
 1146 09fc 8332A0E1 		mov	r3, r3, asl #5
 1147 0a00 033082E0 		add	r3, r2, r3
 1148 0a04 1C300BE5 		str	r3, [fp, #-28]
 1149              	.L77:
 468:../_old/cyfxtx.c ****     }
 469:../_old/cyfxtx.c **** 
 470:../_old/cyfxtx.c ****     CyU3PMutexPut (&glBufferManager.lock);
 1150              		.loc 1 470 0
 1151 0a08 10009FE5 		ldr	r0, .L78
 1152 0a0c FEFFFFEB 		bl	_txe_mutex_put
 471:../_old/cyfxtx.c ****     return (ptr);
 1153              		.loc 1 471 0
 1154 0a10 1C301BE5 		ldr	r3, [fp, #-28]
 1155              	.L66:
 472:../_old/cyfxtx.c **** }
 1156              		.loc 1 472 0
 1157 0a14 0300A0E1 		mov	r0, r3
 1158 0a18 04D04BE2 		sub	sp, fp, #4
 1159 0a1c 0088BDE8 		ldmfd	sp!, {fp, pc}
 1160              	.L79:
 1161              		.align	2
 1162              	.L78:
 1163 0a20 00000000 		.word	glBufferManager
 1164              		.cfi_endproc
 1165              	.LFE13:
 1167              		.align	2
 1168              		.global	CyU3PDmaBufferFree
 1170              	CyU3PDmaBufferFree:
 1171              	.LFB14:
 473:../_old/cyfxtx.c **** 
 474:../_old/cyfxtx.c **** /* This function shall be invoked from the DMA module for buffer de-allocation */
 475:../_old/cyfxtx.c **** int
 476:../_old/cyfxtx.c **** CyU3PDmaBufferFree (
 477:../_old/cyfxtx.c ****         void *buffer)
 478:../_old/cyfxtx.c **** {
 1172              		.loc 1 478 0
 1173              		.cfi_startproc
 1174              		@ args = 0, pretend = 0, frame = 32
 1175              		@ frame_needed = 1, uses_anonymous_args = 0
 1176 0a24 00482DE9 		stmfd	sp!, {fp, lr}
 1177              	.LCFI28:
 1178              		.cfi_def_cfa_offset 8
 1179 0a28 04B08DE2 		add	fp, sp, #4
 1180              		.cfi_offset 14, -4
 1181              		.cfi_offset 11, -8
 1182              	.LCFI29:
 1183              		.cfi_def_cfa 11, 4
 1184 0a2c 20D04DE2 		sub	sp, sp, #32
 1185 0a30 20000BE5 		str	r0, [fp, #-32]
 479:../_old/cyfxtx.c ****     uint32_t status, start, count;
 480:../_old/cyfxtx.c ****     uint32_t wordnum, bitnum;
 481:../_old/cyfxtx.c ****     int      retVal = -1;
 1186              		.loc 1 481 0
 1187 0a34 0030E0E3 		mvn	r3, #0
 1188 0a38 18300BE5 		str	r3, [fp, #-24]
 482:../_old/cyfxtx.c ****     /* Get the lock for the buffer manager. */
 483:../_old/cyfxtx.c ****     if (CyU3PThreadIdentify ())
 1189              		.loc 1 483 0
 1190 0a3c FEFFFFEB 		bl	_tx_thread_identify
 1191 0a40 0030A0E1 		mov	r3, r0
 1192 0a44 000053E3 		cmp	r3, #0
 1193 0a48 0400000A 		beq	.L81
 484:../_old/cyfxtx.c ****     {
 485:../_old/cyfxtx.c ****         status = CyU3PMutexGet (&glBufferManager.lock, CY_U3P_BUFFER_ALLOC_TIMEOUT);
 1194              		.loc 1 485 0
 1195 0a4c 60019FE5 		ldr	r0, .L89
 1196 0a50 0A10A0E3 		mov	r1, #10
 1197 0a54 FEFFFFEB 		bl	_txe_mutex_get
 1198 0a58 08000BE5 		str	r0, [fp, #-8]
 1199 0a5c 030000EA 		b	.L82
 1200              	.L81:
 486:../_old/cyfxtx.c ****     }
 487:../_old/cyfxtx.c ****     else
 488:../_old/cyfxtx.c ****     {
 489:../_old/cyfxtx.c ****         status = CyU3PMutexGet (&glBufferManager.lock, CYU3P_NO_WAIT);
 1201              		.loc 1 489 0
 1202 0a60 4C019FE5 		ldr	r0, .L89
 1203 0a64 0010A0E3 		mov	r1, #0
 1204 0a68 FEFFFFEB 		bl	_txe_mutex_get
 1205 0a6c 08000BE5 		str	r0, [fp, #-8]
 1206              	.L82:
 490:../_old/cyfxtx.c ****     }
 491:../_old/cyfxtx.c **** 
 492:../_old/cyfxtx.c ****     if (status != CY_U3P_SUCCESS)
 1207              		.loc 1 492 0
 1208 0a70 08301BE5 		ldr	r3, [fp, #-8]
 1209 0a74 000053E3 		cmp	r3, #0
 1210 0a78 0100000A 		beq	.L83
 493:../_old/cyfxtx.c ****     {
 494:../_old/cyfxtx.c ****     	return retVal;
 1211              		.loc 1 494 0
 1212 0a7c 18301BE5 		ldr	r3, [fp, #-24]
 1213 0a80 480000EA 		b	.L84
 1214              	.L83:
 495:../_old/cyfxtx.c ****     }
 496:../_old/cyfxtx.c **** 
 497:../_old/cyfxtx.c ****     /* If the buffer address is within the range specified, count the number of consecutive ones an
 498:../_old/cyfxtx.c ****        clear them. */
 499:../_old/cyfxtx.c ****     start = (uint32_t)buffer;
 1215              		.loc 1 499 0
 1216 0a84 20301BE5 		ldr	r3, [fp, #-32]
 1217 0a88 1C300BE5 		str	r3, [fp, #-28]
 500:../_old/cyfxtx.c ****     if ((start > glBufferManager.startAddr) && (start < (glBufferManager.startAddr + glBufferManage
 1218              		.loc 1 500 0
 1219 0a8c 20319FE5 		ldr	r3, .L89
 1220 0a90 382093E5 		ldr	r2, [r3, #56]
 1221 0a94 1C301BE5 		ldr	r3, [fp, #-28]
 1222 0a98 030052E1 		cmp	r2, r3
 1223 0a9c 3E00002A 		bcs	.L85
 1224              		.loc 1 500 0 is_stmt 0 discriminator 1
 1225 0aa0 0C319FE5 		ldr	r3, .L89
 1226 0aa4 382093E5 		ldr	r2, [r3, #56]
 1227 0aa8 04319FE5 		ldr	r3, .L89
 1228 0aac 3C3093E5 		ldr	r3, [r3, #60]
 1229 0ab0 032082E0 		add	r2, r2, r3
 1230 0ab4 1C301BE5 		ldr	r3, [fp, #-28]
 1231 0ab8 030052E1 		cmp	r2, r3
 1232 0abc 3600009A 		bls	.L85
 501:../_old/cyfxtx.c ****     {
 502:../_old/cyfxtx.c ****         start = ((start - glBufferManager.startAddr) >> 5);
 1233              		.loc 1 502 0 is_stmt 1
 1234 0ac0 EC309FE5 		ldr	r3, .L89
 1235 0ac4 383093E5 		ldr	r3, [r3, #56]
 1236 0ac8 1C201BE5 		ldr	r2, [fp, #-28]
 1237 0acc 023063E0 		rsb	r3, r3, r2
 1238 0ad0 A332A0E1 		mov	r3, r3, lsr #5
 1239 0ad4 1C300BE5 		str	r3, [fp, #-28]
 503:../_old/cyfxtx.c **** 
 504:../_old/cyfxtx.c ****         wordnum = (start >> 5);
 1240              		.loc 1 504 0
 1241 0ad8 1C301BE5 		ldr	r3, [fp, #-28]
 1242 0adc A332A0E1 		mov	r3, r3, lsr #5
 1243 0ae0 10300BE5 		str	r3, [fp, #-16]
 505:../_old/cyfxtx.c ****         bitnum  = (start & 0x1F);
 1244              		.loc 1 505 0
 1245 0ae4 1C301BE5 		ldr	r3, [fp, #-28]
 1246 0ae8 1F3003E2 		and	r3, r3, #31
 1247 0aec 14300BE5 		str	r3, [fp, #-20]
 506:../_old/cyfxtx.c ****         count   = 0;
 1248              		.loc 1 506 0
 1249 0af0 0030A0E3 		mov	r3, #0
 1250 0af4 0C300BE5 		str	r3, [fp, #-12]
 507:../_old/cyfxtx.c **** 
 508:../_old/cyfxtx.c ****         while ((wordnum < glBufferManager.statusSize) && ((glBufferManager.usedStatus[wordnum] & (1
 1251              		.loc 1 508 0
 1252 0af8 0D0000EA 		b	.L86
 1253              	.L88:
 509:../_old/cyfxtx.c ****         {
 510:../_old/cyfxtx.c ****             count++;
 1254              		.loc 1 510 0
 1255 0afc 0C301BE5 		ldr	r3, [fp, #-12]
 1256 0b00 013083E2 		add	r3, r3, #1
 1257 0b04 0C300BE5 		str	r3, [fp, #-12]
 511:../_old/cyfxtx.c ****             bitnum++;
 1258              		.loc 1 511 0
 1259 0b08 14301BE5 		ldr	r3, [fp, #-20]
 1260 0b0c 013083E2 		add	r3, r3, #1
 1261 0b10 14300BE5 		str	r3, [fp, #-20]
 512:../_old/cyfxtx.c ****             if (bitnum == 32)
 1262              		.loc 1 512 0
 1263 0b14 14301BE5 		ldr	r3, [fp, #-20]
 1264 0b18 200053E3 		cmp	r3, #32
 1265 0b1c 0400001A 		bne	.L86
 513:../_old/cyfxtx.c ****             {
 514:../_old/cyfxtx.c ****                 bitnum = 0;
 1266              		.loc 1 514 0
 1267 0b20 0030A0E3 		mov	r3, #0
 1268 0b24 14300BE5 		str	r3, [fp, #-20]
 515:../_old/cyfxtx.c ****                 wordnum++;
 1269              		.loc 1 515 0
 1270 0b28 10301BE5 		ldr	r3, [fp, #-16]
 1271 0b2c 013083E2 		add	r3, r3, #1
 1272 0b30 10300BE5 		str	r3, [fp, #-16]
 1273              	.L86:
 508:../_old/cyfxtx.c ****         while ((wordnum < glBufferManager.statusSize) && ((glBufferManager.usedStatus[wordnum] & (1
 1274              		.loc 1 508 0 discriminator 1
 1275 0b34 78309FE5 		ldr	r3, .L89
 1276 0b38 442093E5 		ldr	r2, [r3, #68]
 1277 0b3c 10301BE5 		ldr	r3, [fp, #-16]
 1278 0b40 030052E1 		cmp	r2, r3
 1279 0b44 0B00009A 		bls	.L87
 508:../_old/cyfxtx.c ****         while ((wordnum < glBufferManager.statusSize) && ((glBufferManager.usedStatus[wordnum] & (1
 1280              		.loc 1 508 0 is_stmt 0 discriminator 2
 1281 0b48 64309FE5 		ldr	r3, .L89
 1282 0b4c 402093E5 		ldr	r2, [r3, #64]
 1283 0b50 10301BE5 		ldr	r3, [fp, #-16]
 1284 0b54 0331A0E1 		mov	r3, r3, asl #2
 1285 0b58 033082E0 		add	r3, r2, r3
 1286 0b5c 002093E5 		ldr	r2, [r3, #0]
 1287 0b60 14301BE5 		ldr	r3, [fp, #-20]
 1288 0b64 0110A0E3 		mov	r1, #1
 1289 0b68 1133A0E1 		mov	r3, r1, asl r3
 1290 0b6c 033002E0 		and	r3, r2, r3
 1291 0b70 000053E3 		cmp	r3, #0
 1292 0b74 E0FFFF1A 		bne	.L88
 1293              	.L87:
 516:../_old/cyfxtx.c ****             }
 517:../_old/cyfxtx.c ****         }
 518:../_old/cyfxtx.c **** 
 519:../_old/cyfxtx.c ****         CyU3PDmaBufMgrSetStatus (start, count, CyFalse);
 1294              		.loc 1 519 0 is_stmt 1
 1295 0b78 1C001BE5 		ldr	r0, [fp, #-28]
 1296 0b7c 0C101BE5 		ldr	r1, [fp, #-12]
 1297 0b80 0020A0E3 		mov	r2, #0
 1298 0b84 A6FEFFEB 		bl	CyU3PDmaBufMgrSetStatus
 520:../_old/cyfxtx.c **** 
 521:../_old/cyfxtx.c ****         /* Start the next buffer search at the top of the heap. This can help reduce fragmentation 
 522:../_old/cyfxtx.c ****            most of the heap is allocated and then freed as a whole. */
 523:../_old/cyfxtx.c ****         glBufferManager.searchPos = 0;
 1299              		.loc 1 523 0
 1300 0b88 24309FE5 		ldr	r3, .L89
 1301 0b8c 0020A0E3 		mov	r2, #0
 1302 0b90 482083E5 		str	r2, [r3, #72]
 524:../_old/cyfxtx.c ****         retVal = 0;
 1303              		.loc 1 524 0
 1304 0b94 0030A0E3 		mov	r3, #0
 1305 0b98 18300BE5 		str	r3, [fp, #-24]
 1306              	.L85:
 525:../_old/cyfxtx.c ****     }
 526:../_old/cyfxtx.c **** 
 527:../_old/cyfxtx.c ****     /* Free the lock before we go. */
 528:../_old/cyfxtx.c ****     CyU3PMutexPut (&glBufferManager.lock);
 1307              		.loc 1 528 0
 1308 0b9c 10009FE5 		ldr	r0, .L89
 1309 0ba0 FEFFFFEB 		bl	_txe_mutex_put
 529:../_old/cyfxtx.c ****     return retVal;
 1310              		.loc 1 529 0
 1311 0ba4 18301BE5 		ldr	r3, [fp, #-24]
 1312              	.L84:
 530:../_old/cyfxtx.c **** }
 1313              		.loc 1 530 0
 1314 0ba8 0300A0E1 		mov	r0, r3
 1315 0bac 04D04BE2 		sub	sp, fp, #4
 1316 0bb0 0088BDE8 		ldmfd	sp!, {fp, pc}
 1317              	.L90:
 1318              		.align	2
 1319              	.L89:
 1320 0bb4 00000000 		.word	glBufferManager
 1321              		.cfi_endproc
 1322              	.LFE14:
 1324              		.align	2
 1325              		.global	CyU3PFreeHeaps
 1327              	CyU3PFreeHeaps:
 1328              	.LFB15:
 531:../_old/cyfxtx.c **** 
 532:../_old/cyfxtx.c **** void
 533:../_old/cyfxtx.c **** CyU3PFreeHeaps (
 534:../_old/cyfxtx.c **** 	void)
 535:../_old/cyfxtx.c **** {
 1329              		.loc 1 535 0
 1330              		.cfi_startproc
 1331              		@ args = 0, pretend = 0, frame = 0
 1332              		@ frame_needed = 1, uses_anonymous_args = 0
 1333 0bb8 00482DE9 		stmfd	sp!, {fp, lr}
 1334              	.LCFI30:
 1335              		.cfi_def_cfa_offset 8
 1336 0bbc 04B08DE2 		add	fp, sp, #4
 1337              		.cfi_offset 14, -4
 1338              		.cfi_offset 11, -8
 1339              	.LCFI31:
 1340              		.cfi_def_cfa 11, 4
 536:../_old/cyfxtx.c ****     /* Free up the mem and buffer heaps. */
 537:../_old/cyfxtx.c ****     CyU3PDmaBufferDeInit ();
 1341              		.loc 1 537 0
 1342 0bc0 FEFFFFEB 		bl	CyU3PDmaBufferDeInit
 538:../_old/cyfxtx.c ****     CyU3PBytePoolDestroy (&glMemBytePool);
 1343              		.loc 1 538 0
 1344 0bc4 10009FE5 		ldr	r0, .L92
 1345 0bc8 FEFFFFEB 		bl	_txe_byte_pool_delete
 539:../_old/cyfxtx.c ****     glMemPoolInit = CyFalse;
 1346              		.loc 1 539 0
 1347 0bcc 0C309FE5 		ldr	r3, .L92+4
 1348 0bd0 0020A0E3 		mov	r2, #0
 1349 0bd4 002083E5 		str	r2, [r3, #0]
 540:../_old/cyfxtx.c **** }
 1350              		.loc 1 540 0
 1351 0bd8 0088BDE8 		ldmfd	sp!, {fp, pc}
 1352              	.L93:
 1353              		.align	2
 1354              	.L92:
 1355 0bdc 00000000 		.word	glMemBytePool
 1356 0be0 00000000 		.word	glMemPoolInit
 1357              		.cfi_endproc
 1358              	.LFE15:
 1360              	.Letext0:
DEFINED SYMBOLS
                            *ABS*:00000000 cyfxtx.c
C:\Users\Admin\AppData\Local\Temp\cco5vGYn.s:26     .bss:00000000 glMemPoolInit
C:\Users\Admin\AppData\Local\Temp\cco5vGYn.s:23     .bss:00000000 $d
                            *COM*:00000034 glMemBytePool
C:\Users\Admin\AppData\Local\Temp\cco5vGYn.s:33     .bss:00000004 glBufferManager
C:\Users\Admin\AppData\Local\Temp\cco5vGYn.s:36     .text:00000000 $a
C:\Users\Admin\AppData\Local\Temp\cco5vGYn.s:39     .text:00000000 CyU3PUndefinedHandler
C:\Users\Admin\AppData\Local\Temp\cco5vGYn.s:63     .text:0000000c CyU3PPrefetchHandler
C:\Users\Admin\AppData\Local\Temp\cco5vGYn.s:86     .text:00000018 CyU3PAbortHandler
C:\Users\Admin\AppData\Local\Temp\cco5vGYn.s:109    .text:00000024 tx_application_define
C:\Users\Admin\AppData\Local\Temp\cco5vGYn.s:136    .text:00000040 CyU3PMemInit
C:\Users\Admin\AppData\Local\Temp\cco5vGYn.s:175    .text:0000008c $d
C:\Users\Admin\AppData\Local\Temp\cco5vGYn.s:181    .text:00000098 $a
C:\Users\Admin\AppData\Local\Temp\cco5vGYn.s:184    .text:00000098 CyU3PMemAlloc
C:\Users\Admin\AppData\Local\Temp\cco5vGYn.s:242    .text:00000118 $d
C:\Users\Admin\AppData\Local\Temp\cco5vGYn.s:246    .text:0000011c $a
C:\Users\Admin\AppData\Local\Temp\cco5vGYn.s:249    .text:0000011c CyU3PMemFree
C:\Users\Admin\AppData\Local\Temp\cco5vGYn.s:277    .text:0000013c CyU3PMemSet
C:\Users\Admin\AppData\Local\Temp\cco5vGYn.s:385    .text:00000250 CyU3PMemCopy
C:\Users\Admin\AppData\Local\Temp\cco5vGYn.s:516    .text:000003b8 CyU3PMemCmp
C:\Users\Admin\AppData\Local\Temp\cco5vGYn.s:592    .text:0000046c CyU3PDmaBufferInit
C:\Users\Admin\AppData\Local\Temp\cco5vGYn.s:694    .text:0000056c $d
C:\Users\Admin\AppData\Local\Temp\cco5vGYn.s:699    .text:00000574 $a
C:\Users\Admin\AppData\Local\Temp\cco5vGYn.s:702    .text:00000574 CyU3PDmaBufferDeInit
C:\Users\Admin\AppData\Local\Temp\cco5vGYn.s:778    .text:00000620 $d
C:\Users\Admin\AppData\Local\Temp\cco5vGYn.s:782    .text:00000624 $a
C:\Users\Admin\AppData\Local\Temp\cco5vGYn.s:784    .text:00000624 CyU3PDmaBufMgrSetStatus
C:\Users\Admin\AppData\Local\Temp\cco5vGYn.s:932    .text:000007c0 $d
C:\Users\Admin\AppData\Local\Temp\cco5vGYn.s:936    .text:000007c4 $a
C:\Users\Admin\AppData\Local\Temp\cco5vGYn.s:939    .text:000007c4 CyU3PDmaBufferAlloc
C:\Users\Admin\AppData\Local\Temp\cco5vGYn.s:1163   .text:00000a20 $d
C:\Users\Admin\AppData\Local\Temp\cco5vGYn.s:1167   .text:00000a24 $a
C:\Users\Admin\AppData\Local\Temp\cco5vGYn.s:1170   .text:00000a24 CyU3PDmaBufferFree
C:\Users\Admin\AppData\Local\Temp\cco5vGYn.s:1320   .text:00000bb4 $d
C:\Users\Admin\AppData\Local\Temp\cco5vGYn.s:1324   .text:00000bb8 $a
C:\Users\Admin\AppData\Local\Temp\cco5vGYn.s:1327   .text:00000bb8 CyU3PFreeHeaps
C:\Users\Admin\AppData\Local\Temp\cco5vGYn.s:1355   .text:00000bdc $d
                     .debug_frame:00000010 $d

UNDEFINED SYMBOLS
CyU3PApplicationDefine
_txe_byte_pool_create
_tx_thread_identify
_txe_byte_allocate
_txe_byte_release
_txe_mutex_create
_txe_mutex_delete
_txe_mutex_get
_txe_mutex_put
_txe_byte_pool_delete
