eeschema (2013-07-07 BZR 4022)-stable  >> Creation date: 10/03/2014 11:45:31
#Cmp ( order = Reference )
| C1         0.1u        
| C2         0.1u        
| P1         CONN_2      
| P2         CONN_2      
| P3         TST         
| P4         TST         
| P5         TST         
| P6         CONN_2      
| P7         CONN_2      
| P8         CONN_2      
| P9         CONN_2      
| P10        TST         
| P11        TST         
| P12        TST         
| Q1         BC817-40    
| Q2         BC807-40    
| R1         1k          
| R2         10k         
| R3         820         
| R4         390         
| R5         1k          
| R6         180         
| R7         1k          
| R8         470         
| U1         6N137       
#End Cmp

#Componentes ( orden = Valor )
| 0.1u         C1        
| 0.1u         C2        
| CONN_2       P1        
| CONN_2       P2        
| CONN_2       P6        
| CONN_2       P7        
| CONN_2       P8        
| CONN_2       P9        
| TST          P3        
| TST          P4        
| TST          P5        
| TST          P10       
| TST          P11       
| TST          P12       
| BC817-40     Q1        
| BC807-40     Q2        
| 180          R6        
| 390          R4        
| 470          R8        
| 820          R3        
| 1k           R1        
| 1k           R5        
| 1k           R7        
| 10k          R2        
| 6N137        U1        
#Fin Componentes

#Fin de Lista
