   1              		.cpu arm926ej-s
   2              		.fpu softvfp
   3              		.eabi_attribute 20, 1
   4              		.eabi_attribute 21, 1
   5              		.eabi_attribute 23, 3
   6              		.eabi_attribute 24, 1
   7              		.eabi_attribute 25, 1
   8              		.eabi_attribute 26, 1
   9              		.eabi_attribute 30, 4
  10              		.eabi_attribute 18, 4
  11              		.file	"cyfxslfifoasync.c"
  12              		.section	.text.CyFxSlFifoPtoUDmaCallback,"ax",%progbits
  13              		.align	2
  14              		.global	CyFxSlFifoPtoUDmaCallback
  16              	CyFxSlFifoPtoUDmaCallback:
  17              		@ args = 0, pretend = 0, frame = 0
  18              		@ frame_needed = 0, uses_anonymous_args = 0
  19 0000 080051E3 		cmp	r1, #8
  20 0004 08402DE9 		stmfd	sp!, {r3, lr}
  21 0008 0880BD18 		ldmnefd	sp!, {r3, pc}
  22 000c B410D2E1 		ldrh	r1, [r2, #4]
  23 0010 0020A0E3 		mov	r2, #0
  24 0014 FEFFFFEB 		bl	CyU3PDmaChannelCommitBuffer
  25 0018 002050E2 		subs	r2, r0, #0
  26 001c 0200000A 		beq	.L3
  27 0020 0400A0E3 		mov	r0, #4
  28 0024 14109FE5 		ldr	r1, .L4
  29 0028 FEFFFFEB 		bl	CyU3PDebugPrint
  30              	.L3:
  31 002c 10309FE5 		ldr	r3, .L4+4
  32 0030 002093E5 		ldr	r2, [r3, #0]
  33 0034 012082E2 		add	r2, r2, #1
  34 0038 002083E5 		str	r2, [r3, #0]
  35 003c 0880BDE8 		ldmfd	sp!, {r3, pc}
  36              	.L5:
  37              		.align	2
  38              	.L4:
  39 0040 00000000 		.word	.LC0
  40 0044 00000000 		.word	.LANCHOR0
  42              		.section	.text.CyFxSlFifoUtoPDmaCallback,"ax",%progbits
  43              		.align	2
  44              		.global	CyFxSlFifoUtoPDmaCallback
  46              	CyFxSlFifoUtoPDmaCallback:
  47              		@ args = 0, pretend = 0, frame = 0
  48              		@ frame_needed = 0, uses_anonymous_args = 0
  49 0000 080051E3 		cmp	r1, #8
  50 0004 08402DE9 		stmfd	sp!, {r3, lr}
  51 0008 0880BD18 		ldmnefd	sp!, {r3, pc}
  52 000c B410D2E1 		ldrh	r1, [r2, #4]
  53 0010 0020A0E3 		mov	r2, #0
  54 0014 FEFFFFEB 		bl	CyU3PDmaChannelCommitBuffer
  55 0018 002050E2 		subs	r2, r0, #0
  56 001c 0200000A 		beq	.L8
  57 0020 0400A0E3 		mov	r0, #4
  58 0024 14109FE5 		ldr	r1, .L9
  59 0028 FEFFFFEB 		bl	CyU3PDebugPrint
  60              	.L8:
  61 002c 10309FE5 		ldr	r3, .L9+4
  62 0030 002093E5 		ldr	r2, [r3, #0]
  63 0034 012082E2 		add	r2, r2, #1
  64 0038 002083E5 		str	r2, [r3, #0]
  65 003c 0880BDE8 		ldmfd	sp!, {r3, pc}
  66              	.L10:
  67              		.align	2
  68              	.L9:
  69 0040 00000000 		.word	.LC0
  70 0044 00000000 		.word	.LANCHOR1
  72              		.section	.text.CyFxAppErrorHandler,"ax",%progbits
  73              		.align	2
  74              		.global	CyFxAppErrorHandler
  76              	CyFxAppErrorHandler:
  77              		@ args = 0, pretend = 0, frame = 0
  78              		@ frame_needed = 0, uses_anonymous_args = 0
  79 0000 08402DE9 		stmfd	sp!, {r3, lr}
  80              	.L12:
  81 0004 6400A0E3 		mov	r0, #100
  82 0008 FEFFFFEB 		bl	_tx_thread_sleep
  83 000c FCFFFFEA 		b	.L12
  85              		.section	.text.CyFxSlFifoApplnDebugInit,"ax",%progbits
  86              		.align	2
  87              		.global	CyFxSlFifoApplnDebugInit
  89              	CyFxSlFifoApplnDebugInit:
  90              		@ args = 0, pretend = 0, frame = 24
  91              		@ frame_needed = 0, uses_anonymous_args = 0
  92 0000 7F402DE9 		stmfd	sp!, {r0, r1, r2, r3, r4, r5, r6, lr}
  93 0004 FEFFFFEB 		bl	CyU3PUartInit
  94 0008 000050E3 		cmp	r0, #0
  95 000c 0000000A 		beq	.L14
  96 0010 FEFFFFEB 		bl	CyFxAppErrorHandler
  97              	.L14:
  98 0014 0D00A0E1 		mov	r0, sp
  99 0018 0010A0E3 		mov	r1, #0
 100 001c 1820A0E3 		mov	r2, #24
 101 0020 FEFFFFEB 		bl	CyU3PMemSet
 102 0024 68309FE5 		ldr	r3, .L18
 103 0028 0010A0E3 		mov	r1, #0
 104 002c 10308DE5 		str	r3, [sp, #16]
 105 0030 0D00A0E1 		mov	r0, sp
 106 0034 0130A0E3 		mov	r3, #1
 107 0038 1430CDE5 		strb	r3, [sp, #20]
 108 003c 1510CDE5 		strb	r1, [sp, #21]
 109 0040 00308DE5 		str	r3, [sp, #0]
 110 0044 04108DE5 		str	r1, [sp, #4]
 111 0048 08108DE5 		str	r1, [sp, #8]
 112 004c 0C308DE5 		str	r3, [sp, #12]
 113 0050 FEFFFFEB 		bl	CyU3PUartSetConfig
 114 0054 000050E3 		cmp	r0, #0
 115 0058 0000000A 		beq	.L15
 116 005c FEFFFFEB 		bl	CyFxAppErrorHandler
 117              	.L15:
 118 0060 0000E0E3 		mvn	r0, #0
 119 0064 FEFFFFEB 		bl	CyU3PUartTxSetBlockXfer
 120 0068 000050E3 		cmp	r0, #0
 121 006c 0000000A 		beq	.L16
 122 0070 FEFFFFEB 		bl	CyFxAppErrorHandler
 123              	.L16:
 124 0074 0300A0E3 		mov	r0, #3
 125 0078 0810A0E3 		mov	r1, #8
 126 007c FEFFFFEB 		bl	CyU3PDebugInit
 127 0080 000050E3 		cmp	r0, #0
 128 0084 0000000A 		beq	.L13
 129 0088 FEFFFFEB 		bl	CyFxAppErrorHandler
 130              	.L13:
 131 008c 1CD08DE2 		add	sp, sp, #28
 132 0090 04F09DE4 		ldmfd	sp!, {pc}
 133              	.L19:
 134              		.align	2
 135              	.L18:
 136 0094 00C20100 		.word	115200
 138              		.section	.text.CyFxSlFifoApplnStart,"ax",%progbits
 139              		.align	2
 140              		.global	CyFxSlFifoApplnStart
 142              	CyFxSlFifoApplnStart:
 143              		@ args = 0, pretend = 0, frame = 40
 144              		@ frame_needed = 0, uses_anonymous_args = 0
 145 0000 30402DE9 		stmfd	sp!, {r4, r5, lr}
 146 0004 2CD04DE2 		sub	sp, sp, #44
 147 0008 FEFFFFEB 		bl	CyU3PUsbGetSpeed
 148 000c 020050E3 		cmp	r0, #2
 149 0010 024CA003 		moveq	r4, #512
 150 0014 0B00000A 		beq	.L23
 151 0018 030050E3 		cmp	r0, #3
 152 001c 014BA003 		moveq	r4, #1024
 153 0020 0800000A 		beq	.L23
 154 0024 010050E3 		cmp	r0, #1
 155 0028 4040A003 		moveq	r4, #64
 156 002c 0500000A 		beq	.L23
 157 0030 CC119FE5 		ldr	r1, .L33
 158 0034 0400A0E3 		mov	r0, #4
 159 0038 FEFFFFEB 		bl	CyU3PDebugPrint
 160 003c 4A00A0E3 		mov	r0, #74
 161 0040 FEFFFFEB 		bl	CyFxAppErrorHandler
 162 0044 0040A0E3 		mov	r4, #0
 163              	.L23:
 164 0048 1C008DE2 		add	r0, sp, #28
 165 004c 0010A0E3 		mov	r1, #0
 166 0050 0C20A0E3 		mov	r2, #12
 167 0054 FEFFFFEB 		bl	CyU3PMemSet
 168 0058 0230A0E3 		mov	r3, #2
 169 005c 0100A0E3 		mov	r0, #1
 170 0060 2030CDE5 		strb	r3, [sp, #32]
 171 0064 1C108DE2 		add	r1, sp, #28
 172 0068 0030A0E3 		mov	r3, #0	@ movhi
 173 006c 1C008DE5 		str	r0, [sp, #28]
 174 0070 2600CDE5 		strb	r0, [sp, #38]
 175 0074 B232CDE1 		strh	r3, [sp, #34]	@ movhi
 176 0078 B442CDE1 		strh	r4, [sp, #36]	@ movhi
 177 007c FEFFFFEB 		bl	CyU3PSetEpConfig
 178 0080 005050E2 		subs	r5, r0, #0
 179 0084 0500000A 		beq	.L25
 180 0088 0400A0E3 		mov	r0, #4
 181 008c 74119FE5 		ldr	r1, .L33+4
 182 0090 0520A0E1 		mov	r2, r5
 183 0094 FEFFFFEB 		bl	CyU3PDebugPrint
 184 0098 0500A0E1 		mov	r0, r5
 185 009c FEFFFFEB 		bl	CyFxAppErrorHandler
 186              	.L25:
 187 00a0 8100A0E3 		mov	r0, #129
 188 00a4 1C108DE2 		add	r1, sp, #28
 189 00a8 FEFFFFEB 		bl	CyU3PSetEpConfig
 190 00ac 005050E2 		subs	r5, r0, #0
 191 00b0 0500000A 		beq	.L26
 192 00b4 0400A0E3 		mov	r0, #4
 193 00b8 48119FE5 		ldr	r1, .L33+4
 194 00bc 0520A0E1 		mov	r2, r5
 195 00c0 FEFFFFEB 		bl	CyU3PDebugPrint
 196 00c4 0500A0E1 		mov	r0, r5
 197 00c8 FEFFFFEB 		bl	CyFxAppErrorHandler
 198              	.L26:
 199 00cc 0230A0E3 		mov	r3, #2	@ movhi
 200 00d0 B230CDE1 		strh	r3, [sp, #2]	@ movhi
 201 00d4 30319FE5 		ldr	r3, .L33+8
 202 00d8 0820A0E3 		mov	r2, #8
 203 00dc B430CDE1 		strh	r3, [sp, #4]	@ movhi
 204 00e0 14208DE5 		str	r2, [sp, #20]
 205 00e4 24319FE5 		ldr	r3, .L33+12
 206 00e8 24219FE5 		ldr	r2, .L33+16
 207 00ec B630CDE1 		strh	r3, [sp, #6]	@ movhi
 208 00f0 18208DE5 		str	r2, [sp, #24]
 209 00f4 0030A0E3 		mov	r3, #0
 210 00f8 18019FE5 		ldr	r0, .L33+20
 211 00fc 0210A0E3 		mov	r1, #2
 212 0100 0D20A0E1 		mov	r2, sp
 213 0104 B040CDE1 		strh	r4, [sp, #0]	@ movhi
 214 0108 1030CDE5 		strb	r3, [sp, #16]
 215 010c BA30CDE1 		strh	r3, [sp, #10]	@ movhi
 216 0110 BC30CDE1 		strh	r3, [sp, #12]	@ movhi
 217 0114 BE30CDE1 		strh	r3, [sp, #14]	@ movhi
 218 0118 B830CDE1 		strh	r3, [sp, #8]	@ movhi
 219 011c FEFFFFEB 		bl	CyU3PDmaChannelCreate
 220 0120 004050E2 		subs	r4, r0, #0
 221 0124 0500000A 		beq	.L27
 222 0128 0400A0E3 		mov	r0, #4
 223 012c E8109FE5 		ldr	r1, .L33+24
 224 0130 0420A0E1 		mov	r2, r4
 225 0134 FEFFFFEB 		bl	CyU3PDebugPrint
 226 0138 0400A0E1 		mov	r0, r4
 227 013c FEFFFFEB 		bl	CyFxAppErrorHandler
 228              	.L27:
 229 0140 013CA0E3 		mov	r3, #256	@ movhi
 230 0144 B430CDE1 		strh	r3, [sp, #4]	@ movhi
 231 0148 D0309FE5 		ldr	r3, .L33+28
 232 014c D0009FE5 		ldr	r0, .L33+32
 233 0150 B630CDE1 		strh	r3, [sp, #6]	@ movhi
 234 0154 CC309FE5 		ldr	r3, .L33+36
 235 0158 0210A0E3 		mov	r1, #2
 236 015c 0D20A0E1 		mov	r2, sp
 237 0160 18308DE5 		str	r3, [sp, #24]
 238 0164 FEFFFFEB 		bl	CyU3PDmaChannelCreate
 239 0168 004050E2 		subs	r4, r0, #0
 240 016c 0500000A 		beq	.L28
 241 0170 0400A0E3 		mov	r0, #4
 242 0174 A0109FE5 		ldr	r1, .L33+24
 243 0178 0420A0E1 		mov	r2, r4
 244 017c FEFFFFEB 		bl	CyU3PDebugPrint
 245 0180 0400A0E1 		mov	r0, r4
 246 0184 FEFFFFEB 		bl	CyFxAppErrorHandler
 247              	.L28:
 248 0188 0100A0E3 		mov	r0, #1
 249 018c FEFFFFEB 		bl	CyU3PUsbFlushEp
 250 0190 8100A0E3 		mov	r0, #129
 251 0194 FEFFFFEB 		bl	CyU3PUsbFlushEp
 252 0198 78009FE5 		ldr	r0, .L33+20
 253 019c 0010A0E3 		mov	r1, #0
 254 01a0 FEFFFFEB 		bl	CyU3PDmaChannelSetXfer
 255 01a4 004050E2 		subs	r4, r0, #0
 256 01a8 0500000A 		beq	.L29
 257 01ac 0400A0E3 		mov	r0, #4
 258 01b0 74109FE5 		ldr	r1, .L33+40
 259 01b4 0420A0E1 		mov	r2, r4
 260 01b8 FEFFFFEB 		bl	CyU3PDebugPrint
 261 01bc 0400A0E1 		mov	r0, r4
 262 01c0 FEFFFFEB 		bl	CyFxAppErrorHandler
 263              	.L29:
 264 01c4 58009FE5 		ldr	r0, .L33+32
 265 01c8 0010A0E3 		mov	r1, #0
 266 01cc FEFFFFEB 		bl	CyU3PDmaChannelSetXfer
 267 01d0 004050E2 		subs	r4, r0, #0
 268 01d4 0500000A 		beq	.L30
 269 01d8 0400A0E3 		mov	r0, #4
 270 01dc 48109FE5 		ldr	r1, .L33+40
 271 01e0 0420A0E1 		mov	r2, r4
 272 01e4 FEFFFFEB 		bl	CyU3PDebugPrint
 273 01e8 0400A0E1 		mov	r0, r4
 274 01ec FEFFFFEB 		bl	CyFxAppErrorHandler
 275              	.L30:
 276 01f0 38309FE5 		ldr	r3, .L33+44
 277 01f4 0120A0E3 		mov	r2, #1
 278 01f8 002083E5 		str	r2, [r3, #0]
 279 01fc 2CD08DE2 		add	sp, sp, #44
 280 0200 3080BDE8 		ldmfd	sp!, {r4, r5, pc}
 281              	.L34:
 282              		.align	2
 283              	.L33:
 284 0204 35000000 		.word	.LC1
 285 0208 50000000 		.word	.LC2
 286 020c 01040000 		.word	1025
 287 0210 03010000 		.word	259
 288 0214 00000000 		.word	CyFxSlFifoUtoPDmaCallback
 289 0218 00000000 		.word	glChHandleSlFifoUtoP
 290 021c 7A000000 		.word	.LC3
 291 0220 01030000 		.word	769
 292 0224 00000000 		.word	glChHandleSlFifoPtoU
 293 0228 00000000 		.word	CyFxSlFifoPtoUDmaCallback
 294 022c A9000000 		.word	.LC4
 295 0230 00000000 		.word	.LANCHOR2
 297              		.section	.text.CyFxSlFifoApplnStop,"ax",%progbits
 298              		.align	2
 299              		.global	CyFxSlFifoApplnStop
 301              	CyFxSlFifoApplnStop:
 302              		@ args = 0, pretend = 0, frame = 16
 303              		@ frame_needed = 0, uses_anonymous_args = 0
 304 0000 1F402DE9 		stmfd	sp!, {r0, r1, r2, r3, r4, lr}
 305 0004 94309FE5 		ldr	r3, .L38
 306 0008 0040A0E3 		mov	r4, #0
 307 000c 004083E5 		str	r4, [r3, #0]
 308 0010 0100A0E3 		mov	r0, #1
 309 0014 FEFFFFEB 		bl	CyU3PUsbFlushEp
 310 0018 8100A0E3 		mov	r0, #129
 311 001c FEFFFFEB 		bl	CyU3PUsbFlushEp
 312 0020 7C009FE5 		ldr	r0, .L38+4
 313 0024 FEFFFFEB 		bl	CyU3PDmaChannelDestroy
 314 0028 78009FE5 		ldr	r0, .L38+8
 315 002c FEFFFFEB 		bl	CyU3PDmaChannelDestroy
 316 0030 0410A0E1 		mov	r1, r4
 317 0034 04008DE2 		add	r0, sp, #4
 318 0038 0C20A0E3 		mov	r2, #12
 319 003c FEFFFFEB 		bl	CyU3PMemSet
 320 0040 0100A0E3 		mov	r0, #1
 321 0044 04108DE2 		add	r1, sp, #4
 322 0048 04408DE5 		str	r4, [sp, #4]
 323 004c FEFFFFEB 		bl	CyU3PSetEpConfig
 324 0050 004050E2 		subs	r4, r0, #0
 325 0054 0500000A 		beq	.L36
 326 0058 0400A0E3 		mov	r0, #4
 327 005c 48109FE5 		ldr	r1, .L38+12
 328 0060 0420A0E1 		mov	r2, r4
 329 0064 FEFFFFEB 		bl	CyU3PDebugPrint
 330 0068 0400A0E1 		mov	r0, r4
 331 006c FEFFFFEB 		bl	CyFxAppErrorHandler
 332              	.L36:
 333 0070 8100A0E3 		mov	r0, #129
 334 0074 04108DE2 		add	r1, sp, #4
 335 0078 FEFFFFEB 		bl	CyU3PSetEpConfig
 336 007c 004050E2 		subs	r4, r0, #0
 337 0080 0500000A 		beq	.L35
 338 0084 0400A0E3 		mov	r0, #4
 339 0088 1C109FE5 		ldr	r1, .L38+12
 340 008c 0420A0E1 		mov	r2, r4
 341 0090 FEFFFFEB 		bl	CyU3PDebugPrint
 342 0094 0400A0E1 		mov	r0, r4
 343 0098 FEFFFFEB 		bl	CyFxAppErrorHandler
 344              	.L35:
 345 009c 1F80BDE8 		ldmfd	sp!, {r0, r1, r2, r3, r4, pc}
 346              	.L39:
 347              		.align	2
 348              	.L38:
 349 00a0 00000000 		.word	.LANCHOR2
 350 00a4 00000000 		.word	glChHandleSlFifoUtoP
 351 00a8 00000000 		.word	glChHandleSlFifoPtoU
 352 00ac 50000000 		.word	.LC2
 354              		.section	.text.CyFxSlFifoApplnUSBSetupCB,"ax",%progbits
 355              		.align	2
 356              		.global	CyFxSlFifoApplnUSBSetupCB
 358              	CyFxSlFifoApplnUSBSetupCB:
 359              		@ args = 0, pretend = 0, frame = 0
 360              		@ frame_needed = 0, uses_anonymous_args = 0
 361              		@ link register save eliminated.
 362 0000 0000A0E3 		mov	r0, #0
 363 0004 1EFF2FE1 		bx	lr
 365              		.section	.text.CyFxSlFifoApplnUSBEventCB,"ax",%progbits
 366              		.align	2
 367              		.global	CyFxSlFifoApplnUSBEventCB
 369              	CyFxSlFifoApplnUSBEventCB:
 370              		@ args = 0, pretend = 0, frame = 0
 371              		@ frame_needed = 0, uses_anonymous_args = 0
 372              		@ link register save eliminated.
 373 0000 040050E3 		cmp	r0, #4
 374 0004 0300000A 		beq	.L43
 375 0008 050050E3 		cmp	r0, #5
 376 000c 0100000A 		beq	.L43
 377 0010 010050E3 		cmp	r0, #1
 378 0014 1EFF2F11 		bxne	lr
 379              	.L43:
 380 0018 0C309FE5 		ldr	r3, .L47
 381 001c 003093E5 		ldr	r3, [r3, #0]
 382 0020 000053E3 		cmp	r3, #0
 383 0024 1EFF2F01 		bxeq	lr
 384 0028 FEFFFFEA 		b	CyFxSlFifoApplnStop
 385              	.L48:
 386              		.align	2
 387              	.L47:
 388 002c 00000000 		.word	.LANCHOR2
 390              		.section	.text.CyFxSlFifoApplnInit,"ax",%progbits
 391              		.align	2
 392              		.global	CyFxSlFifoApplnInit
 394              	CyFxSlFifoApplnInit:
 395              		@ args = 0, pretend = 0, frame = 16
 396              		@ frame_needed = 0, uses_anonymous_args = 0
 397 0000 1F402DE9 		stmfd	sp!, {r0, r1, r2, r3, r4, lr}
 398 0004 0230A0E3 		mov	r3, #2	@ movhi
 399 0008 B030CDE1 		strh	r3, [sp, #0]	@ movhi
 400 000c 0330A0E3 		mov	r3, #3
 401 0010 0C30CDE5 		strb	r3, [sp, #12]
 402 0014 0100A0E3 		mov	r0, #1
 403 0018 0030A0E3 		mov	r3, #0
 404 001c 0D10A0E1 		mov	r1, sp
 405 0020 04308DE5 		str	r3, [sp, #4]
 406 0024 08008DE5 		str	r0, [sp, #8]
 407 0028 FEFFFFEB 		bl	CyU3PPibInit
 408 002c 004050E2 		subs	r4, r0, #0
 409 0030 0500000A 		beq	.L50
 410 0034 0400A0E3 		mov	r0, #4
 411 0038 64109FE5 		ldr	r1, .L53
 412 003c 0420A0E1 		mov	r2, r4
 413 0040 FEFFFFEB 		bl	CyU3PDebugPrint
 414 0044 0400A0E1 		mov	r0, r4
 415 0048 FEFFFFEB 		bl	CyFxAppErrorHandler
 416              	.L50:
 417 004c 54009FE5 		ldr	r0, .L53+4
 418 0050 FEFFFFEB 		bl	CyU3PGpifLoad
 419 0054 004050E2 		subs	r4, r0, #0
 420 0058 0500000A 		beq	.L51
 421 005c 0400A0E3 		mov	r0, #4
 422 0060 44109FE5 		ldr	r1, .L53+8
 423 0064 0420A0E1 		mov	r2, r4
 424 0068 FEFFFFEB 		bl	CyU3PDebugPrint
 425 006c 0400A0E1 		mov	r0, r4
 426 0070 FEFFFFEB 		bl	CyFxAppErrorHandler
 427              	.L51:
 428 0074 0000A0E3 		mov	r0, #0
 429 0078 0010A0E1 		mov	r1, r0
 430 007c FEFFFFEB 		bl	CyU3PGpifSMStart
 431 0080 004050E2 		subs	r4, r0, #0
 432 0084 0500000A 		beq	.L49
 433 0088 0400A0E3 		mov	r0, #4
 434 008c 1C109FE5 		ldr	r1, .L53+12
 435 0090 0420A0E1 		mov	r2, r4
 436 0094 FEFFFFEB 		bl	CyU3PDebugPrint
 437 0098 0400A0E1 		mov	r0, r4
 438 009c FEFFFFEB 		bl	CyFxAppErrorHandler
 439              	.L49:
 440 00a0 1F80BDE8 		ldmfd	sp!, {r0, r1, r2, r3, r4, pc}
 441              	.L54:
 442              		.align	2
 443              	.L53:
 444 00a4 D9000000 		.word	.LC5
 445 00a8 00000000 		.word	.LANCHOR3
 446 00ac 08010000 		.word	.LC6
 447 00b0 2F010000 		.word	.LC7
 449              		.section	.text.SlFifoAppThread_Entry,"ax",%progbits
 450              		.align	2
 451              		.global	SlFifoAppThread_Entry
 453              	SlFifoAppThread_Entry:
 454              		@ args = 0, pretend = 0, frame = 24
 455              		@ frame_needed = 0, uses_anonymous_args = 0
 456 0000 A8309FE5 		ldr	r3, .L63
 457 0004 30402DE9 		stmfd	sp!, {r4, r5, lr}
 458 0008 0F0093E8 		ldmia	r3, {r0, r1, r2, r3}
 459 000c 24D04DE2 		sub	sp, sp, #36
 460 0010 0CC08DE2 		add	ip, sp, #12
 461 0014 0040A0E3 		mov	r4, #0
 462 0018 0F008CE8 		stmia	ip, {r0, r1, r2, r3}
 463 001c 1F40CDE5 		strb	r4, [sp, #31]
 464 0020 FEFFFFEB 		bl	CyFxSlFifoApplnDebugInit
 465 0024 FEFFFFEB 		bl	CyFxSlFifoApplnInit
 466              	.L62:
 467 0028 3200A0E3 		mov	r0, #50
 468 002c FEFFFFEB 		bl	_tx_thread_sleep
 469 0030 0451A0E1 		mov	r5, r4, asl #2
 470 0034 FF30A0E3 		mov	r3, #255
 471 0038 0000A0E3 		mov	r0, #0
 472 003c 0CC08DE2 		add	ip, sp, #12
 473 0040 00308DE5 		str	r3, [sp, #0]
 474 0044 0120A0E3 		mov	r2, #1
 475 0048 0010A0E1 		mov	r1, r0
 476 004c 05308CE0 		add	r3, ip, r5
 477 0050 FEFFFFEB 		bl	CyU3PGpifWriteDataWords
 478 0054 002050E2 		subs	r2, r0, #0
 479 0058 0600001A 		bne	.L57
 480 005c 20308DE2 		add	r3, sp, #32
 481 0060 055083E0 		add	r5, r3, r5
 482 0064 48109FE5 		ldr	r1, .L63+4
 483 0068 142015E5 		ldr	r2, [r5, #-20]
 484 006c 040080E2 		add	r0, r0, #4
 485 0070 FEFFFFEB 		bl	CyU3PDebugPrint
 486 0074 090000EA 		b	.L58
 487              	.L57:
 488 0078 38109FE5 		ldr	r1, .L63+8
 489 007c 0400A0E3 		mov	r0, #4
 490 0080 FEFFFFEB 		bl	CyU3PDebugPrint
 491 0084 1F008DE2 		add	r0, sp, #31
 492 0088 FEFFFFEB 		bl	CyU3PGpifGetSMState
 493 008c 28109FE5 		ldr	r1, .L63+12
 494 0090 1F20DDE5 		ldrb	r2, [sp, #31]	@ zero_extendqisi2
 495 0094 0030A0E1 		mov	r3, r0
 496 0098 0400A0E3 		mov	r0, #4
 497 009c FEFFFFEB 		bl	CyU3PDebugPrint
 498              	.L58:
 499 00a0 030054E3 		cmp	r4, #3
 500 00a4 01408412 		addne	r4, r4, #1
 501 00a8 0040A003 		moveq	r4, #0
 502 00ac DDFFFFEA 		b	.L62
 503              	.L64:
 504              		.align	2
 505              	.L63:
 506 00b0 00000000 		.word	.LANCHOR4
 507 00b4 59010000 		.word	.LC8
 508 00b8 6D010000 		.word	.LC9
 509 00bc 8F010000 		.word	.LC10
 511              		.section	.text.CyFxApplicationDefine,"ax",%progbits
 512              		.align	2
 513              		.global	CyFxApplicationDefine
 515              	CyFxApplicationDefine:
 516              		@ args = 0, pretend = 0, frame = 0
 517              		@ frame_needed = 0, uses_anonymous_args = 0
 518 0000 04E02DE5 		str	lr, [sp, #-4]!
 519 0004 010BA0E3 		mov	r0, #1024
 520 0008 24D04DE2 		sub	sp, sp, #36
 521 000c FEFFFFEB 		bl	CyU3PMemAlloc
 522 0010 013BA0E3 		mov	r3, #1024
 523 0014 0120A0E3 		mov	r2, #1
 524 0018 04308DE5 		str	r3, [sp, #4]
 525 001c 14208DE5 		str	r2, [sp, #20]
 526 0020 FE3F43E2 		sub	r3, r3, #1016
 527 0024 A72082E2 		add	r2, r2, #167
 528 0028 08308DE5 		str	r3, [sp, #8]
 529 002c 0C308DE5 		str	r3, [sp, #12]
 530 0030 18208DE5 		str	r2, [sp, #24]
 531 0034 0030A0E3 		mov	r3, #0
 532 0038 24109FE5 		ldr	r1, .L68
 533 003c 24209FE5 		ldr	r2, .L68+4
 534 0040 10308DE5 		str	r3, [sp, #16]
 535 0044 00008DE5 		str	r0, [sp, #0]
 536 0048 1C009FE5 		ldr	r0, .L68+8
 537 004c FEFFFFEB 		bl	_txe_thread_create
 538 0050 000050E3 		cmp	r0, #0
 539 0054 0000000A 		beq	.L65
 540              	.L67:
 541 0058 FEFFFFEA 		b	.L67
 542              	.L65:
 543 005c 24D08DE2 		add	sp, sp, #36
 544 0060 04F09DE4 		ldmfd	sp!, {pc}
 545              	.L69:
 546              		.align	2
 547              	.L68:
 548 0064 AF010000 		.word	.LC11
 549 0068 00000000 		.word	SlFifoAppThread_Entry
 550 006c 00000000 		.word	slFifoAppThread
 552              		.section	.text.main,"ax",%progbits
 553              		.align	2
 554              		.global	main
 556              	main:
 557              		@ args = 0, pretend = 0, frame = 40
 558              		@ frame_needed = 0, uses_anonymous_args = 0
 559 0000 10402DE9 		stmfd	sp!, {r4, lr}
 560 0004 0000A0E3 		mov	r0, #0
 561 0008 28D04DE2 		sub	sp, sp, #40
 562 000c FEFFFFEB 		bl	CyU3PDeviceInit
 563 0010 001050E2 		subs	r1, r0, #0
 564 0014 1700001A 		bne	.L71
 565 0018 010080E2 		add	r0, r0, #1
 566 001c 0120A0E1 		mov	r2, r1
 567 0020 FEFFFFEB 		bl	CyU3PDeviceCacheControl
 568 0024 000050E3 		cmp	r0, #0
 569 0028 1200001A 		bne	.L71
 570 002c 0130A0E3 		mov	r3, #1
 571 0030 08008DE5 		str	r0, [sp, #8]
 572 0034 0C008DE5 		str	r0, [sp, #12]
 573 0038 10008DE5 		str	r0, [sp, #16]
 574 003c 00008DE5 		str	r0, [sp, #0]
 575 0040 18008DE5 		str	r0, [sp, #24]
 576 0044 1C008DE5 		str	r0, [sp, #28]
 577 0048 20008DE5 		str	r0, [sp, #32]
 578 004c 24008DE5 		str	r0, [sp, #36]
 579 0050 0D00A0E1 		mov	r0, sp
 580 0054 04308DE5 		str	r3, [sp, #4]
 581 0058 1630CDE5 		strb	r3, [sp, #22]
 582 005c FEFFFFEB 		bl	CyU3PDeviceConfigureIOMatrix
 583 0060 004050E2 		subs	r4, r0, #0
 584 0064 0300001A 		bne	.L71
 585 0068 FEFFFFEB 		bl	_tx_initialize_kernel_enter
 586 006c 0400A0E1 		mov	r0, r4
 587 0070 28D08DE2 		add	sp, sp, #40
 588 0074 1080BDE8 		ldmfd	sp!, {r4, pc}
 589              	.L71:
 590 0078 FEFFFFEA 		b	.L71
 592              		.global	CyFxGpifTransition
 593              		.global	CyFxGpifWavedata
 594              		.global	CyFxGpifWavedataPosition
 595              		.global	CyFxGpifRegValue
 596              		.global	CyFxGpifConfig
 597              		.global	glDMARxCount
 598              		.global	glDMATxCount
 599              		.global	glIsApplnActive
 600              		.comm	slFifoAppThread,168,4
 601              		.comm	glChHandleSlFifoUtoP,160,4
 602              		.comm	glChHandleSlFifoPtoU,160,4
 603              		.section	.data.CyFxGpifRegValue,"aw",%progbits
 604              		.align	2
 607              	CyFxGpifRegValue:
 608 0000 10820080 		.word	-2147450352
 609 0004 67000000 		.word	103
 610 0008 00000000 		.word	0
 611 000c 52000000 		.word	82
 612 0010 00000000 		.word	0
 613 0014 00000000 		.word	0
 614 0018 00000000 		.word	0
 615 001c 82000000 		.word	130
 616 0020 82070000 		.word	1922
 617 0024 15000054 		.word	1409286165
 618 0028 FFFF0000 		.word	65535
 619 002c 1F000000 		.word	31
 620 0030 00000000 		.word	0
 621 0034 00000000 		.word	0
 622 0038 01000000 		.word	1
 623 003c 02000000 		.word	2
 624 0040 00000000 		.word	0
 625 0044 00000000 		.word	0
 626 0048 00000000 		.word	0
 627 004c 00000000 		.word	0
 628 0050 00000000 		.word	0
 629 0054 00000000 		.word	0
 630 0058 00000000 		.word	0
 631 005c 00000000 		.word	0
 632 0060 00000000 		.word	0
 633 0064 00000000 		.word	0
 634 0068 00000000 		.word	0
 635 006c 00000000 		.word	0
 636 0070 00000000 		.word	0
 637 0074 06000000 		.word	6
 638 0078 00000000 		.word	0
 639 007c FFFF0000 		.word	65535
 640 0080 0A010000 		.word	266
 641 0084 00000000 		.word	0
 642 0088 FFFF0000 		.word	65535
 643 008c 00000000 		.word	0
 644 0090 FFFF0000 		.word	65535
 645 0094 0A010000 		.word	266
 646 0098 00000000 		.word	0
 647 009c FFFF0000 		.word	65535
 648 00a0 00000000 		.word	0
 649 00a4 00000000 		.word	0
 650 00a8 00000000 		.word	0
 651 00ac 00000000 		.word	0
 652 00b0 00000000 		.word	0
 653 00b4 00000000 		.word	0
 654 00b8 00000000 		.word	0
 655 00bc 00000000 		.word	0
 656 00c0 00000000 		.word	0
 657 00c4 00000000 		.word	0
 658 00c8 00000000 		.word	0
 659 00cc 00000000 		.word	0
 660 00d0 00000000 		.word	0
 661 00d4 00000000 		.word	0
 662 00d8 00000000 		.word	0
 663 00dc 00000000 		.word	0
 664 00e0 00000000 		.word	0
 665 00e4 00000000 		.word	0
 666 00e8 00000000 		.word	0
 667 00ec 00000000 		.word	0
 668 00f0 00000000 		.word	0
 669 00f4 00000000 		.word	0
 670 00f8 00000000 		.word	0
 671 00fc 00040180 		.word	-2147417088
 672 0100 01040180 		.word	-2147417087
 673 0104 02040180 		.word	-2147417086
 674 0108 03040180 		.word	-2147417085
 675 010c 00000000 		.word	0
 676 0110 00000000 		.word	0
 677 0114 00000000 		.word	0
 678 0118 00000000 		.word	0
 679 011c 00000000 		.word	0
 680 0120 00000000 		.word	0
 681 0124 00000000 		.word	0
 682 0128 00000000 		.word	0
 683 012c C1FFFFFF 		.word	-63
 684              		.section	.data.CyFxGpifWavedataPosition,"aw",%progbits
 687              	CyFxGpifWavedataPosition:
 688 0000 00       		.byte	0
 689 0001 01       		.byte	1
 690 0002 02       		.byte	2
 691 0003 01       		.byte	1
 692              		.section	.data.CyFxGpifTransition,"aw",%progbits
 693              		.align	1
 696              	CyFxGpifTransition:
 697 0000 0000     		.short	0
 698 0002 FFFF     		.short	-1
 699              		.section	.bss.glDMARxCount,"aw",%nobits
 700              		.align	2
 701              		.set	.LANCHOR1,. + 0
 704              	glDMARxCount:
 705 0000 00000000 		.space	4
 706              		.section	.data.CyFxGpifWavedata,"aw",%progbits
 707              		.align	2
 710              	CyFxGpifWavedata:
 711 0000 019C731E 		.word	510893057
 712 0004 C0000000 		.word	192
 713 0008 00080080 		.word	-2147481600
 714 000c 00000000 		.word	0
 715 0010 00000000 		.word	0
 716 0014 00000000 		.word	0
 717 0018 029C731E 		.word	510893058
 718 001c 40000010 		.word	268435520
 719 0020 00080080 		.word	-2147481600
 720 0024 00000000 		.word	0
 721 0028 00000000 		.word	0
 722 002c 00000000 		.word	0
 723 0030 039C731E 		.word	510893059
 724 0034 C0000000 		.word	192
 725 0038 00080081 		.word	-2130704384
 726 003c 00000000 		.word	0
 727 0040 00000000 		.word	0
 728 0044 00000000 		.word	0
 729              		.section	.rodata.CyFxGpifConfig,"a",%progbits
 730              		.align	2
 731              		.set	.LANCHOR3,. + 0
 734              	CyFxGpifConfig:
 735 0000 0400     		.short	4
 736 0002 0000     		.space	2
 737 0004 00000000 		.word	CyFxGpifWavedata
 738 0008 00000000 		.word	CyFxGpifWavedataPosition
 739 000c 0200     		.short	2
 740 000e 0000     		.space	2
 741 0010 00000000 		.word	CyFxGpifTransition
 742 0014 4C00     		.short	76
 743 0016 0000     		.space	2
 744 0018 00000000 		.word	CyFxGpifRegValue
 745              		.section	.rodata.str1.1,"aMS",%progbits,1
 746              	.LC0:
 747 0000 43795533 		.ascii	"CyU3PDmaChannelCommitBuffer failed, Error code = %d"
 747      50446D61 
 747      4368616E 
 747      6E656C43 
 747      6F6D6D69 
 748 0033 0A00     		.ascii	"\012\000"
 749              	.LC1:
 750 0035 4572726F 		.ascii	"Error! Invalid USB speed.\012\000"
 750      72212049 
 750      6E76616C 
 750      69642055 
 750      53422073 
 751              	.LC2:
 752 0050 43795533 		.ascii	"CyU3PSetEpConfig failed, Error code = %d\012\000"
 752      50536574 
 752      4570436F 
 752      6E666967 
 752      20666169 
 753              	.LC3:
 754 007a 43795533 		.ascii	"CyU3PDmaChannelCreate failed, Error code = %d\012\000"
 754      50446D61 
 754      4368616E 
 754      6E656C43 
 754      72656174 
 755              	.LC4:
 756 00a9 43795533 		.ascii	"CyU3PDmaChannelSetXfer Failed, Error code = %d\012\000"
 756      50446D61 
 756      4368616E 
 756      6E656C53 
 756      65745866 
 757              	.LC5:
 758 00d9 502D706F 		.ascii	"P-port Initialization failed, Error Code = %d\012\000"
 758      72742049 
 758      6E697469 
 758      616C697A 
 758      6174696F 
 759              	.LC6:
 760 0108 43795533 		.ascii	"CyU3PGpifLoad failed, Error Code = %d\012\000"
 760      50477069 
 760      664C6F61 
 760      64206661 
 760      696C6564 
 761              	.LC7:
 762 012f 43795533 		.ascii	"CyU3PGpifSMStart failed, Error Code = %d\012\000"
 762      50477069 
 762      66534D53 
 762      74617274 
 762      20666169 
 763              	.LC8:
 764 0159 57726974 		.ascii	"Write Data = 0x%x\012\015\000"
 764      65204461 
 764      7461203D 
 764      20307825 
 764      780A0D00 
 765              	.LC9:
 766 016d 57726974 		.ascii	"Write failed with error code %d\012\015\000"
 766      65206661 
 766      696C6564 
 766      20776974 
 766      68206572 
 767              	.LC10:
 768 018f 43757272 		.ascii	"Current state %d and err = %d\012\015\000"
 768      656E7420 
 768      73746174 
 768      65202564 
 768      20616E64 
 769              	.LC11:
 770 01af 32313A53 		.ascii	"21:Slave_FIFO_async\000"
 770      6C617665 
 770      5F464946 
 770      4F5F6173 
 770      796E6300 
 771              		.section	.bss.glIsApplnActive,"aw",%nobits
 772              		.align	2
 773              		.set	.LANCHOR2,. + 0
 776              	glIsApplnActive:
 777 0000 00000000 		.space	4
 778              		.section	.rodata.C.0.8480,"a",%progbits
 779              		.align	2
 780              		.set	.LANCHOR4,. + 0
 783              	C.0.8480:
 784 0000 FFFF0000 		.word	65535
 785 0004 00000000 		.word	0
 786 0008 FFFF0000 		.word	65535
 787 000c 00000000 		.word	0
 788              		.section	.bss.glDMATxCount,"aw",%nobits
 789              		.align	2
 790              		.set	.LANCHOR0,. + 0
 793              	glDMATxCount:
 794 0000 00000000 		.space	4
 795              		.ident	"GCC: (Sourcery G++ Lite 2011.03-42) 4.5.2"
DEFINED SYMBOLS
                            *ABS*:00000000 cyfxslfifoasync.c
C:\Users\x\AppData\Local\Temp\cc9mUkcH.s:13     .text.CyFxSlFifoPtoUDmaCallback:00000000 $a
C:\Users\x\AppData\Local\Temp\cc9mUkcH.s:16     .text.CyFxSlFifoPtoUDmaCallback:00000000 CyFxSlFifoPtoUDmaCallback
C:\Users\x\AppData\Local\Temp\cc9mUkcH.s:39     .text.CyFxSlFifoPtoUDmaCallback:00000040 $d
C:\Users\x\AppData\Local\Temp\cc9mUkcH.s:43     .text.CyFxSlFifoUtoPDmaCallback:00000000 $a
C:\Users\x\AppData\Local\Temp\cc9mUkcH.s:46     .text.CyFxSlFifoUtoPDmaCallback:00000000 CyFxSlFifoUtoPDmaCallback
C:\Users\x\AppData\Local\Temp\cc9mUkcH.s:69     .text.CyFxSlFifoUtoPDmaCallback:00000040 $d
C:\Users\x\AppData\Local\Temp\cc9mUkcH.s:73     .text.CyFxAppErrorHandler:00000000 $a
C:\Users\x\AppData\Local\Temp\cc9mUkcH.s:76     .text.CyFxAppErrorHandler:00000000 CyFxAppErrorHandler
C:\Users\x\AppData\Local\Temp\cc9mUkcH.s:86     .text.CyFxSlFifoApplnDebugInit:00000000 $a
C:\Users\x\AppData\Local\Temp\cc9mUkcH.s:89     .text.CyFxSlFifoApplnDebugInit:00000000 CyFxSlFifoApplnDebugInit
C:\Users\x\AppData\Local\Temp\cc9mUkcH.s:136    .text.CyFxSlFifoApplnDebugInit:00000094 $d
C:\Users\x\AppData\Local\Temp\cc9mUkcH.s:139    .text.CyFxSlFifoApplnStart:00000000 $a
C:\Users\x\AppData\Local\Temp\cc9mUkcH.s:142    .text.CyFxSlFifoApplnStart:00000000 CyFxSlFifoApplnStart
C:\Users\x\AppData\Local\Temp\cc9mUkcH.s:284    .text.CyFxSlFifoApplnStart:00000204 $d
                            *COM*:000000a0 glChHandleSlFifoUtoP
                            *COM*:000000a0 glChHandleSlFifoPtoU
C:\Users\x\AppData\Local\Temp\cc9mUkcH.s:298    .text.CyFxSlFifoApplnStop:00000000 $a
C:\Users\x\AppData\Local\Temp\cc9mUkcH.s:301    .text.CyFxSlFifoApplnStop:00000000 CyFxSlFifoApplnStop
C:\Users\x\AppData\Local\Temp\cc9mUkcH.s:349    .text.CyFxSlFifoApplnStop:000000a0 $d
C:\Users\x\AppData\Local\Temp\cc9mUkcH.s:355    .text.CyFxSlFifoApplnUSBSetupCB:00000000 $a
C:\Users\x\AppData\Local\Temp\cc9mUkcH.s:358    .text.CyFxSlFifoApplnUSBSetupCB:00000000 CyFxSlFifoApplnUSBSetupCB
C:\Users\x\AppData\Local\Temp\cc9mUkcH.s:366    .text.CyFxSlFifoApplnUSBEventCB:00000000 $a
C:\Users\x\AppData\Local\Temp\cc9mUkcH.s:369    .text.CyFxSlFifoApplnUSBEventCB:00000000 CyFxSlFifoApplnUSBEventCB
C:\Users\x\AppData\Local\Temp\cc9mUkcH.s:388    .text.CyFxSlFifoApplnUSBEventCB:0000002c $d
C:\Users\x\AppData\Local\Temp\cc9mUkcH.s:391    .text.CyFxSlFifoApplnInit:00000000 $a
C:\Users\x\AppData\Local\Temp\cc9mUkcH.s:394    .text.CyFxSlFifoApplnInit:00000000 CyFxSlFifoApplnInit
C:\Users\x\AppData\Local\Temp\cc9mUkcH.s:444    .text.CyFxSlFifoApplnInit:000000a4 $d
C:\Users\x\AppData\Local\Temp\cc9mUkcH.s:450    .text.SlFifoAppThread_Entry:00000000 $a
C:\Users\x\AppData\Local\Temp\cc9mUkcH.s:453    .text.SlFifoAppThread_Entry:00000000 SlFifoAppThread_Entry
C:\Users\x\AppData\Local\Temp\cc9mUkcH.s:506    .text.SlFifoAppThread_Entry:000000b0 $d
C:\Users\x\AppData\Local\Temp\cc9mUkcH.s:512    .text.CyFxApplicationDefine:00000000 $a
C:\Users\x\AppData\Local\Temp\cc9mUkcH.s:515    .text.CyFxApplicationDefine:00000000 CyFxApplicationDefine
C:\Users\x\AppData\Local\Temp\cc9mUkcH.s:548    .text.CyFxApplicationDefine:00000064 $d
                            *COM*:000000a8 slFifoAppThread
C:\Users\x\AppData\Local\Temp\cc9mUkcH.s:553    .text.main:00000000 $a
C:\Users\x\AppData\Local\Temp\cc9mUkcH.s:556    .text.main:00000000 main
C:\Users\x\AppData\Local\Temp\cc9mUkcH.s:696    .data.CyFxGpifTransition:00000000 CyFxGpifTransition
C:\Users\x\AppData\Local\Temp\cc9mUkcH.s:710    .data.CyFxGpifWavedata:00000000 CyFxGpifWavedata
C:\Users\x\AppData\Local\Temp\cc9mUkcH.s:687    .data.CyFxGpifWavedataPosition:00000000 CyFxGpifWavedataPosition
C:\Users\x\AppData\Local\Temp\cc9mUkcH.s:607    .data.CyFxGpifRegValue:00000000 CyFxGpifRegValue
C:\Users\x\AppData\Local\Temp\cc9mUkcH.s:734    .rodata.CyFxGpifConfig:00000000 CyFxGpifConfig
C:\Users\x\AppData\Local\Temp\cc9mUkcH.s:704    .bss.glDMARxCount:00000000 glDMARxCount
C:\Users\x\AppData\Local\Temp\cc9mUkcH.s:793    .bss.glDMATxCount:00000000 glDMATxCount
C:\Users\x\AppData\Local\Temp\cc9mUkcH.s:776    .bss.glIsApplnActive:00000000 glIsApplnActive
C:\Users\x\AppData\Local\Temp\cc9mUkcH.s:604    .data.CyFxGpifRegValue:00000000 $d
C:\Users\x\AppData\Local\Temp\cc9mUkcH.s:693    .data.CyFxGpifTransition:00000000 $d
C:\Users\x\AppData\Local\Temp\cc9mUkcH.s:700    .bss.glDMARxCount:00000000 $d
C:\Users\x\AppData\Local\Temp\cc9mUkcH.s:707    .data.CyFxGpifWavedata:00000000 $d
C:\Users\x\AppData\Local\Temp\cc9mUkcH.s:730    .rodata.CyFxGpifConfig:00000000 $d
C:\Users\x\AppData\Local\Temp\cc9mUkcH.s:772    .bss.glIsApplnActive:00000000 $d
C:\Users\x\AppData\Local\Temp\cc9mUkcH.s:779    .rodata.C.0.8480:00000000 $d
C:\Users\x\AppData\Local\Temp\cc9mUkcH.s:783    .rodata.C.0.8480:00000000 C.0.8480
C:\Users\x\AppData\Local\Temp\cc9mUkcH.s:789    .bss.glDMATxCount:00000000 $d

UNDEFINED SYMBOLS
CyU3PDmaChannelCommitBuffer
CyU3PDebugPrint
_tx_thread_sleep
CyU3PUartInit
CyU3PMemSet
CyU3PUartSetConfig
CyU3PUartTxSetBlockXfer
CyU3PDebugInit
CyU3PUsbGetSpeed
CyU3PSetEpConfig
CyU3PDmaChannelCreate
CyU3PUsbFlushEp
CyU3PDmaChannelSetXfer
CyU3PDmaChannelDestroy
CyU3PPibInit
CyU3PGpifLoad
CyU3PGpifSMStart
CyU3PGpifWriteDataWords
CyU3PGpifGetSMState
CyU3PMemAlloc
_txe_thread_create
CyU3PDeviceInit
CyU3PDeviceCacheControl
CyU3PDeviceConfigureIOMatrix
_tx_initialize_kernel_enter
